{"/home/carloshome/z-ultra-code/api-sankhya-center/src/app.module.ts": {"path":"/home/carloshome/z-ultra-code/api-sankhya-center/src/app.module.ts","statementMap":{"0":{"start":{"line":1,"column":0},"end":{"line":1,"column":40}},"1":{"start":{"line":2,"column":0},"end":{"line":2,"column":53}},"2":{"start":{"line":3,"column":0},"end":{"line":3,"column":68}},"3":{"start":{"line":4,"column":0},"end":{"line":4,"column":52}},"4":{"start":{"line":5,"column":0},"end":{"line":5,"column":54}},"5":{"start":{"line":6,"column":0},"end":{"line":6,"column":54}},"6":{"start":{"line":7,"column":0},"end":{"line":7,"column":54}},"7":{"start":{"line":8,"column":0},"end":{"line":8,"column":54}},"8":{"start":{"line":9,"column":0},"end":{"line":9,"column":48}},"9":{"start":{"line":10,"column":0},"end":{"line":10,"column":77}},"10":{"start":{"line":38,"column":7},"end":{"line":38,"column":null}},"11":{"start":{"line":38,"column":13},"end":{"line":38,"column":22}},"12":{"start":{"line":38,"column":13},"end":{"line":38,"column":null}}},"fnMap":{},"branchMap":{},"s":{"0":0,"1":0,"2":0,"3":0,"4":0,"5":0,"6":0,"7":0,"8":0,"9":0,"10":0,"11":0,"12":0},"f":{},"b":{}}
,"/home/carloshome/z-ultra-code/api-sankhya-center/src/main.ts": {"path":"/home/carloshome/z-ultra-code/api-sankhya-center/src/main.ts","statementMap":{"0":{"start":{"line":1,"column":0},"end":{"line":1,"column":43}},"1":{"start":{"line":2,"column":0},"end":{"line":2,"column":65}},"2":{"start":{"line":3,"column":0},"end":{"line":3,"column":41}},"3":{"start":{"line":6,"column":14},"end":{"line":6,"column":49}},"4":{"start":{"line":8,"column":17},"end":{"line":12,"column":12}},"5":{"start":{"line":13,"column":19},"end":{"line":13,"column":60}},"6":{"start":{"line":14,"column":2},"end":{"line":14,"column":44}},"7":{"start":{"line":16,"column":2},"end":{"line":16,"column":25}},"8":{"start":{"line":18,"column":0},"end":{"line":18,"column":12}}},"fnMap":{"0":{"name":"bootstrap","decl":{"start":{"line":5,"column":15},"end":{"line":5,"column":24}},"loc":{"start":{"line":5,"column":24},"end":{"line":17,"column":1}}}},"branchMap":{},"s":{"0":0,"1":0,"2":0,"3":0,"4":0,"5":0,"6":0,"7":0,"8":0},"f":{"0":0},"b":{}}
,"/home/carloshome/z-ultra-code/api-sankhya-center/src/auth/auth.controller.ts": {"path":"/home/carloshome/z-ultra-code/api-sankhya-center/src/auth/auth.controller.ts","statementMap":{"0":{"start":{"line":1,"column":0},"end":{"line":1,"column":76}},"1":{"start":{"line":2,"column":0},"end":{"line":2,"column":45}},"2":{"start":{"line":3,"column":0},"end":{"line":3,"column":52}},"3":{"start":{"line":6,"column":7},"end":{"line":14,"column":null}},"4":{"start":{"line":7,"column":22},"end":{"line":7,"column":35}},"5":{"start":{"line":12,"column":4},"end":{"line":12,"column":44}},"6":{"start":{"line":6,"column":13},"end":{"line":6,"column":27}},"7":{"start":{"line":11,"column":8},"end":{"line":13,"column":null}},"8":{"start":{"line":6,"column":13},"end":{"line":14,"column":null}}},"fnMap":{"0":{"name":"(anonymous_4)","decl":{"start":{"line":7,"column":2},"end":{"line":7,"column":22}},"loc":{"start":{"line":7,"column":46},"end":{"line":7,"column":50}}},"1":{"name":"(anonymous_5)","decl":{"start":{"line":11,"column":2},"end":{"line":11,"column":7}},"loc":{"start":{"line":11,"column":82},"end":{"line":13,"column":3}}}},"branchMap":{},"s":{"0":0,"1":0,"2":0,"3":0,"4":0,"5":0,"6":0,"7":0,"8":0},"f":{"0":0,"1":0},"b":{}}
,"/home/carloshome/z-ultra-code/api-sankhya-center/src/auth/auth.module.ts": {"path":"/home/carloshome/z-ultra-code/api-sankhya-center/src/auth/auth.module.ts","statementMap":{"0":{"start":{"line":1,"column":0},"end":{"line":1,"column":40}},"1":{"start":{"line":2,"column":0},"end":{"line":2,"column":40}},"2":{"start":{"line":3,"column":0},"end":{"line":3,"column":50}},"3":{"start":{"line":4,"column":0},"end":{"line":4,"column":45}},"4":{"start":{"line":5,"column":0},"end":{"line":5,"column":51}},"5":{"start":{"line":6,"column":0},"end":{"line":6,"column":49}},"6":{"start":{"line":7,"column":0},"end":{"line":7,"column":45}},"7":{"start":{"line":21,"column":7},"end":{"line":21,"column":null}},"8":{"start":{"line":21,"column":13},"end":{"line":21,"column":23}},"9":{"start":{"line":21,"column":13},"end":{"line":21,"column":null}}},"fnMap":{},"branchMap":{},"s":{"0":0,"1":0,"2":0,"3":0,"4":0,"5":0,"6":0,"7":0,"8":0,"9":0},"f":{},"b":{}}
,"/home/carloshome/z-ultra-code/api-sankhya-center/src/auth/auth.service.ts": {"path":"/home/carloshome/z-ultra-code/api-sankhya-center/src/auth/auth.service.ts","statementMap":{"0":{"start":{"line":1,"column":0},"end":{"line":1,"column":44}},"1":{"start":{"line":2,"column":0},"end":{"line":2,"column":41}},"2":{"start":{"line":5,"column":7},"end":{"line":22,"column":null}},"3":{"start":{"line":6,"column":22},"end":{"line":6,"column":34}},"4":{"start":{"line":10,"column":4},"end":{"line":12,"column":5}},"5":{"start":{"line":11,"column":6},"end":{"line":11,"column":37}},"6":{"start":{"line":13,"column":4},"end":{"line":13,"column":16}},"7":{"start":{"line":17,"column":20},"end":{"line":17,"column":65}},"8":{"start":{"line":18,"column":4},"end":{"line":20,"column":6}},"9":{"start":{"line":5,"column":13},"end":{"line":5,"column":24}},"10":{"start":{"line":5,"column":13},"end":{"line":22,"column":null}}},"fnMap":{"0":{"name":"(anonymous_2)","decl":{"start":{"line":6,"column":2},"end":{"line":6,"column":22}},"loc":{"start":{"line":6,"column":44},"end":{"line":6,"column":48}}},"1":{"name":"(anonymous_3)","decl":{"start":{"line":8,"column":2},"end":{"line":8,"column":7}},"loc":{"start":{"line":8,"column":55},"end":{"line":14,"column":3}}},"2":{"name":"(anonymous_4)","decl":{"start":{"line":16,"column":2},"end":{"line":16,"column":7}},"loc":{"start":{"line":16,"column":23},"end":{"line":21,"column":3}}}},"branchMap":{"0":{"loc":{"start":{"line":10,"column":4},"end":{"line":12,"column":5}},"type":"if","locations":[{"start":{"line":10,"column":4},"end":{"line":12,"column":5}}]},"1":{"loc":{"start":{"line":10,"column":8},"end":{"line":10,"column":55}},"type":"binary-expr","locations":[{"start":{"line":10,"column":8},"end":{"line":10,"column":28}},{"start":{"line":10,"column":32},"end":{"line":10,"column":55}}]}},"s":{"0":0,"1":0,"2":0,"3":0,"4":0,"5":0,"6":0,"7":0,"8":0,"9":0,"10":0},"f":{"0":0,"1":0,"2":0},"b":{"0":[0],"1":[0,0]}}
,"/home/carloshome/z-ultra-code/api-sankhya-center/src/auth/jwt-auth.guard.ts": {"path":"/home/carloshome/z-ultra-code/api-sankhya-center/src/auth/jwt-auth.guard.ts","statementMap":{"0":{"start":{"line":1,"column":0},"end":{"line":1,"column":44}},"1":{"start":{"line":2,"column":0},"end":{"line":2,"column":45}},"2":{"start":{"line":5,"column":7},"end":{"line":5,"column":null}},"3":{"start":{"line":5,"column":13},"end":{"line":5,"column":25}},"4":{"start":{"line":5,"column":13},"end":{"line":5,"column":null}}},"fnMap":{},"branchMap":{},"s":{"0":2,"1":2,"2":2,"3":2,"4":2},"f":{},"b":{}}
,"/home/carloshome/z-ultra-code/api-sankhya-center/src/auth/jwt.strategy.ts": {"path":"/home/carloshome/z-ultra-code/api-sankhya-center/src/auth/jwt.strategy.ts","statementMap":{"0":{"start":{"line":1,"column":0},"end":{"line":1,"column":44}},"1":{"start":{"line":2,"column":0},"end":{"line":2,"column":52}},"2":{"start":{"line":3,"column":0},"end":{"line":3,"column":52}},"3":{"start":{"line":6,"column":7},"end":{"line":18,"column":null}},"4":{"start":{"line":8,"column":4},"end":{"line":12,"column":7}},"5":{"start":{"line":16,"column":4},"end":{"line":16,"column":63}},"6":{"start":{"line":6,"column":13},"end":{"line":6,"column":24}},"7":{"start":{"line":6,"column":13},"end":{"line":18,"column":null}}},"fnMap":{"0":{"name":"(anonymous_2)","decl":{"start":{"line":7,"column":2},"end":{"line":7,"column":null}},"loc":{"start":{"line":7,"column":2},"end":{"line":13,"column":3}}},"1":{"name":"(anonymous_3)","decl":{"start":{"line":15,"column":2},"end":{"line":15,"column":7}},"loc":{"start":{"line":15,"column":29},"end":{"line":17,"column":3}}}},"branchMap":{},"s":{"0":0,"1":0,"2":0,"3":0,"4":0,"5":0,"6":0,"7":0},"f":{"0":0,"1":0},"b":{}}
,"/home/carloshome/z-ultra-code/api-sankhya-center/src/auth/local-auth.guard.ts": {"path":"/home/carloshome/z-ultra-code/api-sankhya-center/src/auth/local-auth.guard.ts","statementMap":{"0":{"start":{"line":1,"column":0},"end":{"line":1,"column":44}},"1":{"start":{"line":2,"column":0},"end":{"line":2,"column":45}},"2":{"start":{"line":5,"column":7},"end":{"line":5,"column":null}},"3":{"start":{"line":5,"column":13},"end":{"line":5,"column":27}},"4":{"start":{"line":5,"column":13},"end":{"line":5,"column":null}}},"fnMap":{},"branchMap":{},"s":{"0":0,"1":0,"2":0,"3":0,"4":0},"f":{},"b":{}}
,"/home/carloshome/z-ultra-code/api-sankhya-center/src/auth/local.strategy.ts": {"path":"/home/carloshome/z-ultra-code/api-sankhya-center/src/auth/local.strategy.ts","statementMap":{"0":{"start":{"line":1,"column":0},"end":{"line":1,"column":67}},"1":{"start":{"line":2,"column":0},"end":{"line":2,"column":52}},"2":{"start":{"line":3,"column":0},"end":{"line":3,"column":42}},"3":{"start":{"line":4,"column":0},"end":{"line":4,"column":45}},"4":{"start":{"line":7,"column":7},"end":{"line":19,"column":null}},"5":{"start":{"line":9,"column":4},"end":{"line":9,"column":12}},"6":{"start":{"line":8,"column":22},"end":{"line":8,"column":35}},"7":{"start":{"line":13,"column":17},"end":{"line":13,"column":72}},"8":{"start":{"line":14,"column":4},"end":{"line":16,"column":5}},"9":{"start":{"line":15,"column":6},"end":{"line":15,"column":40}},"10":{"start":{"line":17,"column":4},"end":{"line":17,"column":16}},"11":{"start":{"line":7,"column":13},"end":{"line":7,"column":26}},"12":{"start":{"line":7,"column":13},"end":{"line":19,"column":null}}},"fnMap":{"0":{"name":"(anonymous_2)","decl":{"start":{"line":8,"column":2},"end":{"line":8,"column":22}},"loc":{"start":{"line":8,"column":46},"end":{"line":10,"column":3}}},"1":{"name":"(anonymous_3)","decl":{"start":{"line":12,"column":2},"end":{"line":12,"column":7}},"loc":{"start":{"line":12,"column":51},"end":{"line":18,"column":3}}}},"branchMap":{"0":{"loc":{"start":{"line":14,"column":4},"end":{"line":16,"column":5}},"type":"if","locations":[{"start":{"line":14,"column":4},"end":{"line":16,"column":5}}]}},"s":{"0":0,"1":0,"2":0,"3":0,"4":0,"5":0,"6":0,"7":0,"8":0,"9":0,"10":0,"11":0,"12":0},"f":{"0":0,"1":0},"b":{"0":[0]}}
,"/home/carloshome/z-ultra-code/api-sankhya-center/src/common/base/sankhya-base.controller.ts": {"path":"/home/carloshome/z-ultra-code/api-sankhya-center/src/common/base/sankhya-base.controller.ts","statementMap":{"0":{"start":{"line":1,"column":0},"end":{"line":1,"column":63}},"1":{"start":{"line":2,"column":0},"end":{"line":2,"column":79}},"2":{"start":{"line":3,"column":0},"end":{"line":3,"column":60}},"3":{"start":{"line":6,"column":7},"end":{"line":24,"column":null}},"4":{"start":{"line":7,"column":33},"end":{"line":7,"column":42}},"5":{"start":{"line":15,"column":4},"end":{"line":15,"column":38}},"6":{"start":{"line":22,"column":4},"end":{"line":22,"column":94}},"7":{"start":{"line":6,"column":22},"end":{"line":6,"column":43}},"8":{"start":{"line":14,"column":8},"end":{"line":16,"column":null}},"9":{"start":{"line":21,"column":8},"end":{"line":23,"column":null}},"10":{"start":{"line":6,"column":22},"end":{"line":24,"column":null}}},"fnMap":{"0":{"name":"(anonymous_4)","decl":{"start":{"line":7,"column":2},"end":{"line":7,"column":33}},"loc":{"start":{"line":7,"column":63},"end":{"line":7,"column":67}}},"1":{"name":"(anonymous_5)","decl":{"start":{"line":14,"column":2},"end":{"line":14,"column":7}},"loc":{"start":{"line":14,"column":40},"end":{"line":16,"column":3}}},"2":{"name":"(anonymous_6)","decl":{"start":{"line":21,"column":2},"end":{"line":21,"column":7}},"loc":{"start":{"line":21,"column":12},"end":{"line":23,"column":3}}}},"branchMap":{},"s":{"0":2,"1":2,"2":2,"3":2,"4":0,"5":0,"6":0,"7":2,"8":2,"9":2,"10":2},"f":{"0":0,"1":0,"2":0},"b":{}}
,"/home/carloshome/z-ultra-code/api-sankhya-center/src/common/base/sankhya-base.service.ts": {"path":"/home/carloshome/z-ultra-code/api-sankhya-center/src/common/base/sankhya-base.service.ts","statementMap":{"0":{"start":{"line":1,"column":0},"end":{"line":1,"column":44}},"1":{"start":{"line":2,"column":0},"end":{"line":2,"column":73}},"2":{"start":{"line":3,"column":0},"end":{"line":3,"column":87}},"3":{"start":{"line":4,"column":0},"end":{"line":4,"column":52}},"4":{"start":{"line":7,"column":7},"end":{"line":83,"column":null}},"5":{"start":{"line":8,"column":33},"end":{"line":8,"column":54}},"6":{"start":{"line":16,"column":4},"end":{"line":16,"column":35}},"7":{"start":{"line":16,"column":24},"end":{"line":16,"column":35}},"8":{"start":{"line":17,"column":22},"end":{"line":17,"column":58}},"9":{"start":{"line":17,"column":49},"end":{"line":17,"column":57}},"10":{"start":{"line":18,"column":26},"end":{"line":18,"column":64}},"11":{"start":{"line":18,"column":46},"end":{"line":18,"column":63}},"12":{"start":{"line":20,"column":4},"end":{"line":44,"column":5}},"13":{"start":{"line":22,"column":28},"end":{"line":22,"column":93}},"14":{"start":{"line":22,"column":50},"end":{"line":22,"column":67}},"15":{"start":{"line":22,"column":78},"end":{"line":22,"column":92}},"16":{"start":{"line":23,"column":26},"end":{"line":23,"column":28}},"17":{"start":{"line":24,"column":6},"end":{"line":28,"column":9}},"18":{"start":{"line":25,"column":8},"end":{"line":27,"column":9}},"19":{"start":{"line":26,"column":10},"end":{"line":26,"column":33}},"20":{"start":{"line":29,"column":6},"end":{"line":29,"column":20}},"21":{"start":{"line":32,"column":29},"end":{"line":32,"column":53}},"22":{"start":{"line":32,"column":51},"end":{"line":32,"column":52}},"23":{"start":{"line":33,"column":26},"end":{"line":33,"column":28}},"24":{"start":{"line":34,"column":6},"end":{"line":42,"column":9}},"25":{"start":{"line":35,"column":25},"end":{"line":35,"column":42}},"26":{"start":{"line":36,"column":25},"end":{"line":36,"column":42}},"27":{"start":{"line":37,"column":8},"end":{"line":41,"column":9}},"28":{"start":{"line":38,"column":10},"end":{"line":38,"column":38}},"29":{"start":{"line":39,"column":15},"end":{"line":41,"column":9}},"30":{"start":{"line":40,"column":10},"end":{"line":40,"column":38}},"31":{"start":{"line":43,"column":6},"end":{"line":43,"column":20}},"32":{"start":{"line":48,"column":24},"end":{"line":48,"column":26}},"33":{"start":{"line":49,"column":4},"end":{"line":51,"column":7}},"34":{"start":{"line":50,"column":6},"end":{"line":50,"column":43}},"35":{"start":{"line":52,"column":4},"end":{"line":52,"column":18}},"36":{"start":{"line":56,"column":35},"end":{"line":56,"column":37}},"37":{"start":{"line":61,"column":18},"end":{"line":61,"column":86}},"38":{"start":{"line":62,"column":18},"end":{"line":62,"column":145}},"39":{"start":{"line":64,"column":21},"end":{"line":64,"column":75}},"40":{"start":{"line":66,"column":22},"end":{"line":66,"column":86}},"41":{"start":{"line":66,"column":50},"end":{"line":66,"column":85}},"42":{"start":{"line":68,"column":23},"end":{"line":68,"column":114}},"43":{"start":{"line":69,"column":26},"end":{"line":69,"column":85}},"44":{"start":{"line":70,"column":18},"end":{"line":70,"column":71}},"45":{"start":{"line":72,"column":4},"end":{"line":72,"column":87}},"46":{"start":{"line":76,"column":18},"end":{"line":76,"column":122}},"47":{"start":{"line":77,"column":21},"end":{"line":77,"column":75}},"48":{"start":{"line":79,"column":4},"end":{"line":79,"column":43}},"49":{"start":{"line":79,"column":31},"end":{"line":79,"column":43}},"50":{"start":{"line":81,"column":4},"end":{"line":81,"column":54}},"51":{"start":{"line":7,"column":22},"end":{"line":7,"column":40}},"52":{"start":{"line":7,"column":22},"end":{"line":83,"column":null}}},"fnMap":{"0":{"name":"(anonymous_2)","decl":{"start":{"line":8,"column":2},"end":{"line":8,"column":33}},"loc":{"start":{"line":8,"column":73},"end":{"line":8,"column":77}}},"1":{"name":"(anonymous_3)","decl":{"start":{"line":15,"column":12},"end":{"line":15,"column":28}},"loc":{"start":{"line":15,"column":53},"end":{"line":45,"column":3}}},"2":{"name":"(anonymous_4)","decl":{"start":{"line":17,"column":44},"end":{"line":17,"column":45}},"loc":{"start":{"line":17,"column":49},"end":{"line":17,"column":57}}},"3":{"name":"(anonymous_5)","decl":{"start":{"line":18,"column":41},"end":{"line":18,"column":42}},"loc":{"start":{"line":18,"column":46},"end":{"line":18,"column":63}}},"4":{"name":"(anonymous_6)","decl":{"start":{"line":22,"column":45},"end":{"line":22,"column":46}},"loc":{"start":{"line":22,"column":50},"end":{"line":22,"column":67}}},"5":{"name":"(anonymous_7)","decl":{"start":{"line":22,"column":73},"end":{"line":22,"column":74}},"loc":{"start":{"line":22,"column":78},"end":{"line":22,"column":92}}},"6":{"name":"(anonymous_8)","decl":{"start":{"line":24,"column":31},"end":{"line":24,"column":34}},"loc":{"start":{"line":24,"column":37},"end":{"line":28,"column":7}}},"7":{"name":"(anonymous_9)","decl":{"start":{"line":32,"column":46},"end":{"line":32,"column":47}},"loc":{"start":{"line":32,"column":51},"end":{"line":32,"column":52}}},"8":{"name":"(anonymous_10)","decl":{"start":{"line":34,"column":29},"end":{"line":34,"column":32}},"loc":{"start":{"line":34,"column":35},"end":{"line":42,"column":7}}},"9":{"name":"(anonymous_11)","decl":{"start":{"line":47,"column":12},"end":{"line":47,"column":25}},"loc":{"start":{"line":47,"column":34},"end":{"line":53,"column":3}}},"10":{"name":"(anonymous_12)","decl":{"start":{"line":49,"column":29},"end":{"line":49,"column":32}},"loc":{"start":{"line":49,"column":35},"end":{"line":51,"column":5}}},"11":{"name":"(anonymous_13)","decl":{"start":{"line":55,"column":2},"end":{"line":55,"column":7}},"loc":{"start":{"line":55,"column":24},"end":{"line":73,"column":3}}},"12":{"name":"(anonymous_14)","decl":{"start":{"line":66,"column":35},"end":{"line":66,"column":36}},"loc":{"start":{"line":66,"column":50},"end":{"line":66,"column":85}}},"13":{"name":"(anonymous_15)","decl":{"start":{"line":75,"column":2},"end":{"line":75,"column":7}},"loc":{"start":{"line":75,"column":27},"end":{"line":82,"column":3}}}},"branchMap":{"0":{"loc":{"start":{"line":16,"column":4},"end":{"line":16,"column":35}},"type":"if","locations":[{"start":{"line":16,"column":4},"end":{"line":16,"column":35}}]},"1":{"loc":{"start":{"line":20,"column":4},"end":{"line":44,"column":5}},"type":"if","locations":[{"start":{"line":20,"column":4},"end":{"line":44,"column":5}},{"start":{"line":30,"column":11},"end":{"line":44,"column":5}}]},"2":{"loc":{"start":{"line":25,"column":8},"end":{"line":27,"column":9}},"type":"if","locations":[{"start":{"line":25,"column":8},"end":{"line":27,"column":9}}]},"3":{"loc":{"start":{"line":37,"column":8},"end":{"line":41,"column":9}},"type":"if","locations":[{"start":{"line":37,"column":8},"end":{"line":41,"column":9}},{"start":{"line":39,"column":15},"end":{"line":41,"column":9}}]},"4":{"loc":{"start":{"line":39,"column":15},"end":{"line":41,"column":9}},"type":"if","locations":[{"start":{"line":39,"column":15},"end":{"line":41,"column":9}}]},"5":{"loc":{"start":{"line":61,"column":18},"end":{"line":61,"column":86}},"type":"cond-expr","locations":[{"start":{"line":61,"column":44},"end":{"line":61,"column":81}},{"start":{"line":61,"column":84},"end":{"line":61,"column":86}}]},"6":{"loc":{"start":{"line":70,"column":18},"end":{"line":70,"column":71}},"type":"cond-expr","locations":[{"start":{"line":70,"column":45},"end":{"line":70,"column":67}},{"start":{"line":70,"column":70},"end":{"line":70,"column":71}}]},"7":{"loc":{"start":{"line":79,"column":4},"end":{"line":79,"column":43}},"type":"if","locations":[{"start":{"line":79,"column":4},"end":{"line":79,"column":43}}]}},"s":{"0":6,"1":6,"2":6,"3":6,"4":6,"5":13,"6":5,"7":5,"8":0,"9":0,"10":0,"11":0,"12":0,"13":0,"14":0,"15":0,"16":0,"17":0,"18":0,"19":0,"20":0,"21":0,"22":0,"23":0,"24":0,"25":0,"26":0,"27":0,"28":0,"29":0,"30":0,"31":0,"32":8,"33":8,"34":16,"35":8,"36":0,"37":0,"38":0,"39":0,"40":0,"41":0,"42":0,"43":0,"44":0,"45":0,"46":0,"47":0,"48":0,"49":0,"50":0,"51":6,"52":6},"f":{"0":13,"1":5,"2":0,"3":0,"4":0,"5":0,"6":0,"7":0,"8":0,"9":8,"10":16,"11":0,"12":0,"13":0},"b":{"0":[5],"1":[0,0],"2":[0],"3":[0,0],"4":[0],"5":[0,0],"6":[0,0],"7":[0]}}
,"/home/carloshome/z-ultra-code/api-sankhya-center/src/common/dto/base-find-all.dto.ts": {"path":"/home/carloshome/z-ultra-code/api-sankhya-center/src/common/dto/base-find-all.dto.ts","statementMap":{"0":{"start":{"line":1,"column":0},"end":{"line":1,"column":76}},"1":{"start":{"line":2,"column":0},"end":{"line":2,"column":41}},"2":{"start":{"line":11,"column":2},"end":{"line":11,"column":19}},"3":{"start":{"line":16,"column":2},"end":{"line":16,"column":23}},"4":{"start":{"line":7,"column":0},"end":{"line":7,"column":13}},"5":{"start":{"line":11,"column":2},"end":{"line":11,"column":null}},"6":{"start":{"line":9,"column":14},"end":{"line":9,"column":20}},"7":{"start":{"line":16,"column":2},"end":{"line":16,"column":null}},"8":{"start":{"line":14,"column":14},"end":{"line":14,"column":20}},"9":{"start":{"line":20,"column":2},"end":{"line":20,"column":null}},"10":{"start":{"line":24,"column":2},"end":{"line":24,"column":null}}},"fnMap":{"0":{"name":"(anonymous_2)","decl":{"start":{"line":7,"column":0},"end":{"line":7,"column":13}},"loc":{"start":{"line":7,"column":0},"end":{"line":25,"column":1}}},"1":{"name":"(anonymous_3)","decl":{"start":{"line":9,"column":8},"end":{"line":9,"column":11}},"loc":{"start":{"line":9,"column":14},"end":{"line":9,"column":20}}},"2":{"name":"(anonymous_4)","decl":{"start":{"line":14,"column":8},"end":{"line":14,"column":11}},"loc":{"start":{"line":14,"column":14},"end":{"line":14,"column":20}}}},"branchMap":{},"s":{"0":2,"1":2,"2":0,"3":0,"4":2,"5":2,"6":0,"7":2,"8":0,"9":2,"10":2},"f":{"0":0,"1":0,"2":0},"b":{}}
,"/home/carloshome/z-ultra-code/api-sankhya-center/src/common/filters/all-exceptions.filter.ts": {"path":"/home/carloshome/z-ultra-code/api-sankhya-center/src/common/filters/all-exceptions.filter.ts","statementMap":{"0":{"start":{"line":1,"column":0},"end":{"line":1,"column":98}},"1":{"start":{"line":5,"column":7},"end":{"line":28,"column":null}},"2":{"start":{"line":7,"column":16},"end":{"line":7,"column":35}},"3":{"start":{"line":8,"column":21},"end":{"line":8,"column":48}},"4":{"start":{"line":9,"column":20},"end":{"line":9,"column":45}},"5":{"start":{"line":11,"column":17},"end":{"line":11,"column":49}},"6":{"start":{"line":12,"column":18},"end":{"line":12,"column":41}},"7":{"start":{"line":14,"column":4},"end":{"line":19,"column":5}},"8":{"start":{"line":15,"column":6},"end":{"line":15,"column":37}},"9":{"start":{"line":16,"column":6},"end":{"line":16,"column":34}},"10":{"start":{"line":17,"column":11},"end":{"line":19,"column":5}},"11":{"start":{"line":18,"column":6},"end":{"line":18,"column":34}},"12":{"start":{"line":21,"column":4},"end":{"line":26,"column":7}},"13":{"start":{"line":5,"column":13},"end":{"line":5,"column":32}},"14":{"start":{"line":5,"column":13},"end":{"line":28,"column":null}}},"fnMap":{"0":{"name":"(anonymous_1)","decl":{"start":{"line":6,"column":2},"end":{"line":6,"column":7}},"loc":{"start":{"line":6,"column":47},"end":{"line":27,"column":3}}}},"branchMap":{"0":{"loc":{"start":{"line":14,"column":4},"end":{"line":19,"column":5}},"type":"if","locations":[{"start":{"line":14,"column":4},"end":{"line":19,"column":5}},{"start":{"line":17,"column":11},"end":{"line":19,"column":5}}]},"1":{"loc":{"start":{"line":17,"column":11},"end":{"line":19,"column":5}},"type":"if","locations":[{"start":{"line":17,"column":11},"end":{"line":19,"column":5}}]}},"s":{"0":0,"1":0,"2":0,"3":0,"4":0,"5":0,"6":0,"7":0,"8":0,"9":0,"10":0,"11":0,"12":0,"13":0,"14":0},"f":{"0":0},"b":{"0":[0,0],"1":[0]}}
,"/home/carloshome/z-ultra-code/api-sankhya-center/src/common/pagination/pagination.types.ts": {"path":"/home/carloshome/z-ultra-code/api-sankhya-center/src/common/pagination/pagination.types.ts","statementMap":{"0":{"start":{"line":10,"column":0},"end":{"line":10,"column":16}},"1":{"start":{"line":22,"column":0},"end":{"line":22,"column":16}},"2":{"start":{"line":16,"column":41},"end":{"line":16,"column":45}},"3":{"start":{"line":17,"column":19},"end":{"line":17,"column":71}},"4":{"start":{"line":18,"column":18},"end":{"line":18,"column":33}},"5":{"start":{"line":19,"column":2},"end":{"line":19,"column":59}},"6":{"start":{"line":23,"column":16},"end":{"line":23,"column":27}},"7":{"start":{"line":24,"column":2},"end":{"line":31,"column":4}}},"fnMap":{"0":{"name":"buildPaginatedResult","decl":{"start":{"line":10,"column":16},"end":{"line":10,"column":36}},"loc":{"start":{"line":15,"column":1},"end":{"line":20,"column":1}}},"1":{"name":"wrapAllAsSinglePage","decl":{"start":{"line":22,"column":16},"end":{"line":22,"column":35}},"loc":{"start":{"line":22,"column":48},"end":{"line":32,"column":1}}}},"branchMap":{"0":{"loc":{"start":{"line":28,"column":13},"end":{"line":28,"column":23}},"type":"binary-expr","locations":[{"start":{"line":28,"column":13},"end":{"line":28,"column":18}},{"start":{"line":28,"column":22},"end":{"line":28,"column":23}}]}},"s":{"0":6,"1":6,"2":1,"3":1,"4":1,"5":1,"6":0,"7":0},"f":{"0":1,"1":0},"b":{"0":[0,0]}}
,"/home/carloshome/z-ultra-code/api-sankhya-center/src/common/utils/string.utils.ts": {"path":"/home/carloshome/z-ultra-code/api-sankhya-center/src/common/utils/string.utils.ts","statementMap":{"0":{"start":{"line":6,"column":0},"end":{"line":6,"column":16}},"1":{"start":{"line":7,"column":2},"end":{"line":19,"column":3}},"2":{"start":{"line":8,"column":4},"end":{"line":8,"column":22}},"3":{"start":{"line":9,"column":9},"end":{"line":19,"column":3}},"4":{"start":{"line":10,"column":4},"end":{"line":10,"column":46}},"5":{"start":{"line":10,"column":27},"end":{"line":10,"column":44}},"6":{"start":{"line":11,"column":9},"end":{"line":19,"column":3}},"7":{"start":{"line":12,"column":24},"end":{"line":12,"column":26}},"8":{"start":{"line":13,"column":4},"end":{"line":17,"column":5}},"9":{"start":{"line":14,"column":6},"end":{"line":16,"column":7}},"10":{"start":{"line":15,"column":8},"end":{"line":15,"column":44}},"11":{"start":{"line":18,"column":4},"end":{"line":18,"column":18}},"12":{"start":{"line":20,"column":2},"end":{"line":20,"column":13}}},"fnMap":{"0":{"name":"trimStrings","decl":{"start":{"line":6,"column":16},"end":{"line":6,"column":27}},"loc":{"start":{"line":6,"column":36},"end":{"line":21,"column":1}}},"1":{"name":"(anonymous_1)","decl":{"start":{"line":10,"column":19},"end":{"line":10,"column":23}},"loc":{"start":{"line":10,"column":27},"end":{"line":10,"column":44}}}},"branchMap":{"0":{"loc":{"start":{"line":7,"column":2},"end":{"line":19,"column":3}},"type":"if","locations":[{"start":{"line":7,"column":2},"end":{"line":19,"column":3}},{"start":{"line":9,"column":9},"end":{"line":19,"column":3}}]},"1":{"loc":{"start":{"line":9,"column":9},"end":{"line":19,"column":3}},"type":"if","locations":[{"start":{"line":9,"column":9},"end":{"line":19,"column":3}},{"start":{"line":11,"column":9},"end":{"line":19,"column":3}}]},"2":{"loc":{"start":{"line":11,"column":9},"end":{"line":19,"column":3}},"type":"if","locations":[{"start":{"line":11,"column":9},"end":{"line":19,"column":3}}]},"3":{"loc":{"start":{"line":11,"column":13},"end":{"line":11,"column":78}},"type":"binary-expr","locations":[{"start":{"line":11,"column":13},"end":{"line":11,"column":25}},{"start":{"line":11,"column":29},"end":{"line":11,"column":52}},{"start":{"line":11,"column":56},"end":{"line":11,"column":78}}]},"4":{"loc":{"start":{"line":14,"column":6},"end":{"line":16,"column":7}},"type":"if","locations":[{"start":{"line":14,"column":6},"end":{"line":16,"column":7}}]}},"s":{"0":6,"1":86,"2":11,"3":75,"4":0,"5":0,"6":75,"7":11,"8":11,"9":78,"10":78,"11":11,"12":64},"f":{"0":86,"1":0},"b":{"0":[11,75],"1":[0,75],"2":[11],"3":[75,75,11],"4":[78]}}
,"/home/carloshome/z-ultra-code/api-sankhya-center/src/sankhya-auth/sankhya-auth.module.ts": {"path":"/home/carloshome/z-ultra-code/api-sankhya-center/src/sankhya-auth/sankhya-auth.module.ts","statementMap":{"0":{"start":{"line":1,"column":0},"end":{"line":1,"column":40}},"1":{"start":{"line":2,"column":0},"end":{"line":2,"column":43}},"2":{"start":{"line":3,"column":0},"end":{"line":3,"column":60}},"3":{"start":{"line":10,"column":7},"end":{"line":10,"column":null}},"4":{"start":{"line":10,"column":13},"end":{"line":10,"column":30}},"5":{"start":{"line":10,"column":13},"end":{"line":10,"column":null}}},"fnMap":{},"branchMap":{},"s":{"0":0,"1":0,"2":0,"3":0,"4":0,"5":0},"f":{},"b":{}}
,"/home/carloshome/z-ultra-code/api-sankhya-center/src/sankhya-auth/sankhya-auth.service.ts": {"path":"/home/carloshome/z-ultra-code/api-sankhya-center/src/sankhya-auth/sankhya-auth.service.ts","statementMap":{"0":{"start":{"line":1,"column":0},"end":{"line":1,"column":44}},"1":{"start":{"line":2,"column":0},"end":{"line":2,"column":44}},"2":{"start":{"line":4,"column":0},"end":{"line":4,"column":38}},"3":{"start":{"line":10,"column":7},"end":{"line":46,"column":null}},"4":{"start":{"line":14,"column":31},"end":{"line":14,"column":44}},"5":{"start":{"line":11,"column":10},"end":{"line":11,"column":38}},"6":{"start":{"line":12,"column":10},"end":{"line":12,"column":46}},"7":{"start":{"line":21,"column":4},"end":{"line":23,"column":5}},"8":{"start":{"line":22,"column":6},"end":{"line":22,"column":24}},"9":{"start":{"line":25,"column":62},"end":{"line":29,"column":null}},"10":{"start":{"line":32,"column":4},"end":{"line":32,"column":44}},"11":{"start":{"line":34,"column":4},"end":{"line":34,"column":65}},"12":{"start":{"line":36,"column":4},"end":{"line":36,"column":22}},"13":{"start":{"line":44,"column":4},"end":{"line":44,"column":27}},"14":{"start":{"line":10,"column":13},"end":{"line":10,"column":31}},"15":{"start":{"line":10,"column":13},"end":{"line":46,"column":null}}},"fnMap":{"0":{"name":"(anonymous_2)","decl":{"start":{"line":14,"column":2},"end":{"line":14,"column":31}},"loc":{"start":{"line":14,"column":55},"end":{"line":14,"column":59}}},"1":{"name":"(anonymous_3)","decl":{"start":{"line":20,"column":2},"end":{"line":20,"column":7}},"loc":{"start":{"line":20,"column":16},"end":{"line":37,"column":3}}},"2":{"name":"(anonymous_4)","decl":{"start":{"line":43,"column":2},"end":{"line":43,"column":7}},"loc":{"start":{"line":43,"column":13},"end":{"line":45,"column":3}}}},"branchMap":{"0":{"loc":{"start":{"line":21,"column":4},"end":{"line":23,"column":5}},"type":"if","locations":[{"start":{"line":21,"column":4},"end":{"line":23,"column":5}}]},"1":{"loc":{"start":{"line":21,"column":8},"end":{"line":21,"column":79}},"type":"binary-expr","locations":[{"start":{"line":21,"column":8},"end":{"line":21,"column":18}},{"start":{"line":21,"column":22},"end":{"line":21,"column":42}},{"start":{"line":21,"column":46},"end":{"line":21,"column":79}}]}},"s":{"0":6,"1":6,"2":6,"3":6,"4":0,"5":0,"6":0,"7":0,"8":0,"9":0,"10":0,"11":0,"12":0,"13":0,"14":6,"15":6},"f":{"0":0,"1":0,"2":0},"b":{"0":[0],"1":[0,0,0]}}
,"/home/carloshome/z-ultra-code/api-sankhya-center/src/shared/sankhya-query.service.ts": {"path":"/home/carloshome/z-ultra-code/api-sankhya-center/src/shared/sankhya-query.service.ts","statementMap":{"0":{"start":{"line":1,"column":0},"end":{"line":1,"column":44}},"1":{"start":{"line":2,"column":0},"end":{"line":2,"column":44}},"2":{"start":{"line":4,"column":0},"end":{"line":4,"column":38}},"3":{"start":{"line":5,"column":0},"end":{"line":5,"column":74}},"4":{"start":{"line":8,"column":7},"end":{"line":33,"column":null}},"5":{"start":{"line":10,"column":21},"end":{"line":10,"column":34}},"6":{"start":{"line":11,"column":21},"end":{"line":11,"column":41}},"7":{"start":{"line":21,"column":18},"end":{"line":21,"column":58}},"8":{"start":{"line":22,"column":71},"end":{"line":27,"column":null}},"9":{"start":{"line":29,"column":4},"end":{"line":29,"column":36}},"10":{"start":{"line":8,"column":13},"end":{"line":8,"column":32}},"11":{"start":{"line":8,"column":13},"end":{"line":33,"column":null}}},"fnMap":{"0":{"name":"(anonymous_2)","decl":{"start":{"line":9,"column":2},"end":{"line":9,"column":null}},"loc":{"start":{"line":11,"column":59},"end":{"line":12,"column":6}}},"1":{"name":"(anonymous_3)","decl":{"start":{"line":20,"column":2},"end":{"line":20,"column":7}},"loc":{"start":{"line":20,"column":54},"end":{"line":30,"column":3}}}},"branchMap":{"0":{"loc":{"start":{"line":20,"column":36},"end":{"line":20,"column":54}},"type":"default-arg","locations":[{"start":{"line":20,"column":52},"end":{"line":20,"column":54}}]},"1":{"loc":{"start":{"line":29,"column":11},"end":{"line":29,"column":35}},"type":"binary-expr","locations":[{"start":{"line":29,"column":11},"end":{"line":29,"column":29}},{"start":{"line":29,"column":33},"end":{"line":29,"column":35}}]}},"s":{"0":6,"1":6,"2":6,"3":6,"4":6,"5":0,"6":0,"7":0,"8":0,"9":0,"10":6,"11":6},"f":{"0":0,"1":0},"b":{"0":[0],"1":[0,0]}}
,"/home/carloshome/z-ultra-code/api-sankhya-center/src/shared/shared.module.ts": {"path":"/home/carloshome/z-ultra-code/api-sankhya-center/src/shared/shared.module.ts","statementMap":{"0":{"start":{"line":1,"column":0},"end":{"line":1,"column":40}},"1":{"start":{"line":2,"column":0},"end":{"line":2,"column":43}},"2":{"start":{"line":3,"column":0},"end":{"line":3,"column":62}},"3":{"start":{"line":4,"column":0},"end":{"line":4,"column":72}},"4":{"start":{"line":11,"column":7},"end":{"line":11,"column":null}},"5":{"start":{"line":11,"column":13},"end":{"line":11,"column":25}},"6":{"start":{"line":11,"column":13},"end":{"line":11,"column":null}}},"fnMap":{},"branchMap":{},"s":{"0":0,"1":0,"2":0,"3":0,"4":0,"5":0,"6":0},"f":{},"b":{}}
,"/home/carloshome/z-ultra-code/api-sankhya-center/src/test/app.e2e-spec.ts": {"path":"/home/carloshome/z-ultra-code/api-sankhya-center/src/test/app.e2e-spec.ts","statementMap":{"0":{"start":{"line":1,"column":0},"end":{"line":1,"column":54}},"1":{"start":{"line":3,"column":0},"end":{"line":3,"column":37}},"2":{"start":{"line":4,"column":0},"end":{"line":4,"column":44}},"3":{"start":{"line":6,"column":0},"end":{"line":112,"column":3}},"4":{"start":{"line":9,"column":2},"end":{"line":16,"column":5}},"5":{"start":{"line":10,"column":41},"end":{"line":12,"column":16}},"6":{"start":{"line":14,"column":4},"end":{"line":14,"column":48}},"7":{"start":{"line":15,"column":4},"end":{"line":15,"column":21}},"8":{"start":{"line":18,"column":2},"end":{"line":26,"column":5}},"9":{"start":{"line":19,"column":4},"end":{"line":25,"column":9}},"10":{"start":{"line":24,"column":8},"end":{"line":24,"column":56}},"11":{"start":{"line":28,"column":2},"end":{"line":32,"column":5}},"12":{"start":{"line":29,"column":4},"end":{"line":31,"column":19}},"13":{"start":{"line":34,"column":2},"end":{"line":48,"column":5}},"14":{"start":{"line":35,"column":26},"end":{"line":37,"column":56}},"15":{"start":{"line":39,"column":18},"end":{"line":39,"column":49}},"16":{"start":{"line":41,"column":4},"end":{"line":47,"column":9}},"17":{"start":{"line":46,"column":8},"end":{"line":46,"column":65}},"18":{"start":{"line":50,"column":2},"end":{"line":67,"column":5}},"19":{"start":{"line":51,"column":26},"end":{"line":53,"column":56}},"20":{"start":{"line":55,"column":18},"end":{"line":55,"column":49}},"21":{"start":{"line":57,"column":4},"end":{"line":66,"column":9}},"22":{"start":{"line":62,"column":8},"end":{"line":62,"column":48}},"23":{"start":{"line":63,"column":8},"end":{"line":63,"column":49}},"24":{"start":{"line":64,"column":8},"end":{"line":64,"column":48}},"25":{"start":{"line":65,"column":8},"end":{"line":65,"column":51}},"26":{"start":{"line":70,"column":2},"end":{"line":81,"column":5}},"27":{"start":{"line":71,"column":26},"end":{"line":73,"column":56}},"28":{"start":{"line":75,"column":18},"end":{"line":75,"column":49}},"29":{"start":{"line":77,"column":4},"end":{"line":80,"column":19}},"30":{"start":{"line":83,"column":2},"end":{"line":94,"column":5}},"31":{"start":{"line":84,"column":26},"end":{"line":86,"column":56}},"32":{"start":{"line":88,"column":18},"end":{"line":88,"column":49}},"33":{"start":{"line":90,"column":4},"end":{"line":93,"column":19}},"34":{"start":{"line":96,"column":2},"end":{"line":107,"column":5}},"35":{"start":{"line":97,"column":26},"end":{"line":99,"column":56}},"36":{"start":{"line":101,"column":18},"end":{"line":101,"column":49}},"37":{"start":{"line":103,"column":4},"end":{"line":106,"column":19}},"38":{"start":{"line":109,"column":2},"end":{"line":111,"column":5}},"39":{"start":{"line":110,"column":4},"end":{"line":110,"column":22}}},"fnMap":{"0":{"name":"(anonymous_0)","decl":{"start":{"line":6,"column":22},"end":{"line":6,"column":25}},"loc":{"start":{"line":6,"column":27},"end":{"line":112,"column":1}}},"1":{"name":"(anonymous_1)","decl":{"start":{"line":9,"column":13},"end":{"line":9,"column":18}},"loc":{"start":{"line":9,"column":24},"end":{"line":16,"column":3}}},"2":{"name":"(anonymous_2)","decl":{"start":{"line":18,"column":27},"end":{"line":18,"column":30}},"loc":{"start":{"line":18,"column":32},"end":{"line":26,"column":3}}},"3":{"name":"(anonymous_3)","decl":{"start":{"line":23,"column":14},"end":{"line":23,"column":15}},"loc":{"start":{"line":23,"column":22},"end":{"line":25,"column":7}}},"4":{"name":"(anonymous_4)","decl":{"start":{"line":28,"column":72},"end":{"line":28,"column":75}},"loc":{"start":{"line":28,"column":77},"end":{"line":32,"column":3}}},"5":{"name":"(anonymous_5)","decl":{"start":{"line":34,"column":58},"end":{"line":34,"column":63}},"loc":{"start":{"line":34,"column":69},"end":{"line":48,"column":3}}},"6":{"name":"(anonymous_6)","decl":{"start":{"line":45,"column":14},"end":{"line":45,"column":15}},"loc":{"start":{"line":45,"column":22},"end":{"line":47,"column":7}}},"7":{"name":"(anonymous_7)","decl":{"start":{"line":50,"column":53},"end":{"line":50,"column":58}},"loc":{"start":{"line":50,"column":64},"end":{"line":67,"column":3}}},"8":{"name":"(anonymous_8)","decl":{"start":{"line":61,"column":14},"end":{"line":61,"column":15}},"loc":{"start":{"line":61,"column":22},"end":{"line":66,"column":7}}},"9":{"name":"(anonymous_9)","decl":{"start":{"line":70,"column":33},"end":{"line":70,"column":38}},"loc":{"start":{"line":70,"column":44},"end":{"line":81,"column":3}}},"10":{"name":"(anonymous_10)","decl":{"start":{"line":83,"column":33},"end":{"line":83,"column":38}},"loc":{"start":{"line":83,"column":44},"end":{"line":94,"column":3}}},"11":{"name":"(anonymous_11)","decl":{"start":{"line":96,"column":33},"end":{"line":96,"column":38}},"loc":{"start":{"line":96,"column":44},"end":{"line":107,"column":3}}},"12":{"name":"(anonymous_12)","decl":{"start":{"line":109,"column":11},"end":{"line":109,"column":16}},"loc":{"start":{"line":109,"column":22},"end":{"line":111,"column":3}}}},"branchMap":{},"s":{"0":0,"1":0,"2":0,"3":0,"4":0,"5":0,"6":0,"7":0,"8":0,"9":0,"10":0,"11":0,"12":0,"13":0,"14":0,"15":0,"16":0,"17":0,"18":0,"19":0,"20":0,"21":0,"22":0,"23":0,"24":0,"25":0,"26":0,"27":0,"28":0,"29":0,"30":0,"31":0,"32":0,"33":0,"34":0,"35":0,"36":0,"37":0,"38":0,"39":0},"f":{"0":0,"1":0,"2":0,"3":0,"4":0,"5":0,"6":0,"7":0,"8":0,"9":0,"10":0,"11":0,"12":0},"b":{}}
,"/home/carloshome/z-ultra-code/api-sankhya-center/src/tfpcar/tfpcar.controller.ts": {"path":"/home/carloshome/z-ultra-code/api-sankhya-center/src/tfpcar/tfpcar.controller.ts","statementMap":{"0":{"start":{"line":1,"column":0},"end":{"line":1,"column":117}},"1":{"start":{"line":2,"column":0},"end":{"line":2,"column":89}},"2":{"start":{"line":3,"column":0},"end":{"line":3,"column":57}},"3":{"start":{"line":4,"column":0},"end":{"line":4,"column":54}},"4":{"start":{"line":5,"column":0},"end":{"line":5,"column":49}},"5":{"start":{"line":6,"column":0},"end":{"line":6,"column":64}},"6":{"start":{"line":9,"column":0},"end":{"line":9,"column":79}},"7":{"start":{"line":14,"column":7},"end":{"line":90,"column":null}},"8":{"start":{"line":16,"column":4},"end":{"line":16,"column":25}},"9":{"start":{"line":15,"column":33},"end":{"line":15,"column":48}},"10":{"start":{"line":59,"column":5},"end":{"line":59,"column":44}},"11":{"start":{"line":86,"column":5},"end":{"line":86,"column":51}},"12":{"start":{"line":14,"column":13},"end":{"line":14,"column":29}},"13":{"start":{"line":58,"column":9},"end":{"line":60,"column":null}},"14":{"start":{"line":85,"column":9},"end":{"line":87,"column":null}},"15":{"start":{"line":14,"column":13},"end":{"line":90,"column":null}}},"fnMap":{"0":{"name":"(anonymous_4)","decl":{"start":{"line":15,"column":2},"end":{"line":15,"column":33}},"loc":{"start":{"line":15,"column":61},"end":{"line":17,"column":3}}},"1":{"name":"(anonymous_5)","decl":{"start":{"line":58,"column":3},"end":{"line":58,"column":8}},"loc":{"start":{"line":58,"column":47},"end":{"line":60,"column":4}}},"2":{"name":"(anonymous_6)","decl":{"start":{"line":85,"column":3},"end":{"line":85,"column":8}},"loc":{"start":{"line":85,"column":53},"end":{"line":87,"column":4}}}},"branchMap":{},"s":{"0":0,"1":0,"2":0,"3":0,"4":0,"5":0,"6":0,"7":0,"8":0,"9":0,"10":0,"11":0,"12":0,"13":0,"14":0,"15":0},"f":{"0":0,"1":0,"2":0},"b":{}}
,"/home/carloshome/z-ultra-code/api-sankhya-center/src/tfpcar/tfpcar.module.ts": {"path":"/home/carloshome/z-ultra-code/api-sankhya-center/src/tfpcar/tfpcar.module.ts","statementMap":{"0":{"start":{"line":1,"column":0},"end":{"line":1,"column":40}},"1":{"start":{"line":2,"column":0},"end":{"line":2,"column":55}},"2":{"start":{"line":3,"column":0},"end":{"line":3,"column":49}},"3":{"start":{"line":4,"column":0},"end":{"line":4,"column":55}},"4":{"start":{"line":11,"column":7},"end":{"line":11,"column":null}},"5":{"start":{"line":11,"column":13},"end":{"line":11,"column":25}},"6":{"start":{"line":11,"column":13},"end":{"line":11,"column":null}}},"fnMap":{},"branchMap":{},"s":{"0":0,"1":0,"2":0,"3":0,"4":0,"5":0,"6":0},"f":{},"b":{}}
,"/home/carloshome/z-ultra-code/api-sankhya-center/src/tfpcar/tfpcar.service.ts": {"path":"/home/carloshome/z-ultra-code/api-sankhya-center/src/tfpcar/tfpcar.service.ts","statementMap":{"0":{"start":{"line":1,"column":0},"end":{"line":1,"column":44}},"1":{"start":{"line":4,"column":0},"end":{"line":4,"column":73}},"2":{"start":{"line":6,"column":0},"end":{"line":6,"column":59}},"3":{"start":{"line":9,"column":7},"end":{"line":101,"column":null}},"4":{"start":{"line":11,"column":4},"end":{"line":11,"column":20}},"5":{"start":{"line":15,"column":4},"end":{"line":15,"column":22}},"6":{"start":{"line":19,"column":4},"end":{"line":19,"column":443}},"7":{"start":{"line":24,"column":19},"end":{"line":24,"column":43}},"8":{"start":{"line":25,"column":4},"end":{"line":25,"column":47}},"9":{"start":{"line":26,"column":4},"end":{"line":26,"column":43}},"10":{"start":{"line":27,"column":4},"end":{"line":27,"column":102}},"11":{"start":{"line":28,"column":4},"end":{"line":28,"column":127}},"12":{"start":{"line":29,"column":4},"end":{"line":29,"column":105}},"13":{"start":{"line":30,"column":4},"end":{"line":30,"column":117}},"14":{"start":{"line":31,"column":4},"end":{"line":31,"column":131}},"15":{"start":{"line":32,"column":4},"end":{"line":32,"column":131}},"16":{"start":{"line":33,"column":4},"end":{"line":33,"column":100}},"17":{"start":{"line":34,"column":4},"end":{"line":34,"column":59}},"18":{"start":{"line":35,"column":4},"end":{"line":35,"column":28}},"19":{"start":{"line":40,"column":35},"end":{"line":40,"column":37}},"20":{"start":{"line":42,"column":4},"end":{"line":44,"column":5}},"21":{"start":{"line":43,"column":6},"end":{"line":43,"column":72}},"22":{"start":{"line":45,"column":4},"end":{"line":47,"column":5}},"23":{"start":{"line":46,"column":6},"end":{"line":46,"column":57}},"24":{"start":{"line":48,"column":4},"end":{"line":50,"column":5}},"25":{"start":{"line":49,"column":6},"end":{"line":49,"column":71}},"26":{"start":{"line":52,"column":18},"end":{"line":52,"column":86}},"27":{"start":{"line":53,"column":18},"end":{"line":53,"column":68}},"28":{"start":{"line":55,"column":21},"end":{"line":55,"column":75}},"29":{"start":{"line":57,"column":25},"end":{"line":57,"column":89}},"30":{"start":{"line":57,"column":53},"end":{"line":57,"column":88}},"31":{"start":{"line":66,"column":4},"end":{"line":66,"column":76}},"32":{"start":{"line":66,"column":28},"end":{"line":66,"column":74}},"33":{"start":{"line":68,"column":23},"end":{"line":68,"column":98}},"34":{"start":{"line":69,"column":26},"end":{"line":69,"column":85}},"35":{"start":{"line":70,"column":18},"end":{"line":70,"column":71}},"36":{"start":{"line":72,"column":4},"end":{"line":72,"column":92}},"37":{"start":{"line":77,"column":18},"end":{"line":77,"column":295}},"38":{"start":{"line":79,"column":21},"end":{"line":79,"column":75}},"39":{"start":{"line":81,"column":4},"end":{"line":81,"column":43}},"40":{"start":{"line":81,"column":31},"end":{"line":81,"column":43}},"41":{"start":{"line":83,"column":19},"end":{"line":83,"column":61}},"42":{"start":{"line":86,"column":23},"end":{"line":86,"column":115}},"43":{"start":{"line":87,"column":26},"end":{"line":87,"column":85}},"44":{"start":{"line":88,"column":4},"end":{"line":88,"column":85}},"45":{"start":{"line":90,"column":4},"end":{"line":90,"column":18}},"46":{"start":{"line":96,"column":43},"end":{"line":96,"column":47}},"47":{"start":{"line":97,"column":21},"end":{"line":97,"column":73}},"48":{"start":{"line":98,"column":20},"end":{"line":98,"column":35}},"49":{"start":{"line":99,"column":4},"end":{"line":99,"column":61}},"50":{"start":{"line":9,"column":13},"end":{"line":9,"column":26}},"51":{"start":{"line":9,"column":13},"end":{"line":101,"column":null}}},"fnMap":{"0":{"name":"(anonymous_1)","decl":{"start":{"line":10,"column":2},"end":{"line":10,"column":14}},"loc":{"start":{"line":10,"column":14},"end":{"line":12,"column":3}}},"1":{"name":"(anonymous_2)","decl":{"start":{"line":14,"column":2},"end":{"line":14,"column":15}},"loc":{"start":{"line":14,"column":15},"end":{"line":16,"column":3}}},"2":{"name":"(anonymous_3)","decl":{"start":{"line":18,"column":2},"end":{"line":18,"column":19}},"loc":{"start":{"line":18,"column":19},"end":{"line":20,"column":3}}},"3":{"name":"(anonymous_4)","decl":{"start":{"line":22,"column":2},"end":{"line":22,"column":13}},"loc":{"start":{"line":22,"column":23},"end":{"line":36,"column":3}}},"4":{"name":"(anonymous_5)","decl":{"start":{"line":39,"column":2},"end":{"line":39,"column":7}},"loc":{"start":{"line":39,"column":37},"end":{"line":73,"column":3}}},"5":{"name":"(anonymous_6)","decl":{"start":{"line":57,"column":38},"end":{"line":57,"column":39}},"loc":{"start":{"line":57,"column":53},"end":{"line":57,"column":88}}},"6":{"name":"(anonymous_7)","decl":{"start":{"line":66,"column":20},"end":{"line":66,"column":24}},"loc":{"start":{"line":66,"column":28},"end":{"line":66,"column":74}}},"7":{"name":"(anonymous_8)","decl":{"start":{"line":76,"column":2},"end":{"line":76,"column":7}},"loc":{"start":{"line":76,"column":27},"end":{"line":91,"column":3}}},"8":{"name":"(anonymous_9)","decl":{"start":{"line":95,"column":10},"end":{"line":95,"column":30}},"loc":{"start":{"line":95,"column":99},"end":{"line":100,"column":3}}}},"branchMap":{"0":{"loc":{"start":{"line":25,"column":21},"end":{"line":25,"column":46}},"type":"binary-expr","locations":[{"start":{"line":25,"column":21},"end":{"line":25,"column":33}},{"start":{"line":25,"column":37},"end":{"line":25,"column":46}}]},"1":{"loc":{"start":{"line":26,"column":19},"end":{"line":26,"column":42}},"type":"binary-expr","locations":[{"start":{"line":26,"column":19},"end":{"line":26,"column":29}},{"start":{"line":26,"column":33},"end":{"line":26,"column":42}}]},"2":{"loc":{"start":{"line":27,"column":20},"end":{"line":27,"column":101}},"type":"cond-expr","locations":[{"start":{"line":27,"column":34},"end":{"line":27,"column":89}},{"start":{"line":27,"column":92},"end":{"line":27,"column":101}}]},"3":{"loc":{"start":{"line":27,"column":67},"end":{"line":27,"column":87}},"type":"binary-expr","locations":[{"start":{"line":27,"column":67},"end":{"line":27,"column":81}},{"start":{"line":27,"column":85},"end":{"line":27,"column":87}}]},"4":{"loc":{"start":{"line":28,"column":20},"end":{"line":28,"column":126}},"type":"cond-expr","locations":[{"start":{"line":28,"column":39},"end":{"line":28,"column":114}},{"start":{"line":28,"column":117},"end":{"line":28,"column":126}}]},"5":{"loc":{"start":{"line":28,"column":87},"end":{"line":28,"column":112}},"type":"binary-expr","locations":[{"start":{"line":28,"column":87},"end":{"line":28,"column":106}},{"start":{"line":28,"column":110},"end":{"line":28,"column":112}}]},"6":{"loc":{"start":{"line":29,"column":74},"end":{"line":29,"column":102}},"type":"binary-expr","locations":[{"start":{"line":29,"column":74},"end":{"line":29,"column":96}},{"start":{"line":29,"column":100},"end":{"line":29,"column":102}}]},"7":{"loc":{"start":{"line":30,"column":20},"end":{"line":30,"column":116}},"type":"cond-expr","locations":[{"start":{"line":30,"column":37},"end":{"line":30,"column":104}},{"start":{"line":30,"column":107},"end":{"line":30,"column":116}}]},"8":{"loc":{"start":{"line":30,"column":79},"end":{"line":30,"column":102}},"type":"binary-expr","locations":[{"start":{"line":30,"column":79},"end":{"line":30,"column":96}},{"start":{"line":30,"column":100},"end":{"line":30,"column":102}}]},"9":{"loc":{"start":{"line":31,"column":23},"end":{"line":31,"column":130}},"type":"cond-expr","locations":[{"start":{"line":31,"column":42},"end":{"line":31,"column":118}},{"start":{"line":31,"column":121},"end":{"line":31,"column":130}}]},"10":{"loc":{"start":{"line":31,"column":90},"end":{"line":31,"column":116}},"type":"binary-expr","locations":[{"start":{"line":31,"column":90},"end":{"line":31,"column":110}},{"start":{"line":31,"column":114},"end":{"line":31,"column":116}}]},"11":{"loc":{"start":{"line":32,"column":23},"end":{"line":32,"column":130}},"type":"cond-expr","locations":[{"start":{"line":32,"column":42},"end":{"line":32,"column":118}},{"start":{"line":32,"column":121},"end":{"line":32,"column":130}}]},"12":{"loc":{"start":{"line":32,"column":90},"end":{"line":32,"column":116}},"type":"binary-expr","locations":[{"start":{"line":32,"column":90},"end":{"line":32,"column":110}},{"start":{"line":32,"column":114},"end":{"line":32,"column":116}}]},"13":{"loc":{"start":{"line":33,"column":20},"end":{"line":33,"column":99}},"type":"cond-expr","locations":[{"start":{"line":33,"column":34},"end":{"line":33,"column":87}},{"start":{"line":33,"column":90},"end":{"line":33,"column":99}}]},"14":{"loc":{"start":{"line":33,"column":66},"end":{"line":33,"column":85}},"type":"binary-expr","locations":[{"start":{"line":33,"column":66},"end":{"line":33,"column":79}},{"start":{"line":33,"column":83},"end":{"line":33,"column":85}}]},"15":{"loc":{"start":{"line":34,"column":31},"end":{"line":34,"column":58}},"type":"binary-expr","locations":[{"start":{"line":34,"column":31},"end":{"line":34,"column":53}},{"start":{"line":34,"column":57},"end":{"line":34,"column":58}}]},"16":{"loc":{"start":{"line":42,"column":4},"end":{"line":44,"column":5}},"type":"if","locations":[{"start":{"line":42,"column":4},"end":{"line":44,"column":5}}]},"17":{"loc":{"start":{"line":45,"column":4},"end":{"line":47,"column":5}},"type":"if","locations":[{"start":{"line":45,"column":4},"end":{"line":47,"column":5}}]},"18":{"loc":{"start":{"line":48,"column":4},"end":{"line":50,"column":5}},"type":"if","locations":[{"start":{"line":48,"column":4},"end":{"line":50,"column":5}}]},"19":{"loc":{"start":{"line":52,"column":18},"end":{"line":52,"column":86}},"type":"cond-expr","locations":[{"start":{"line":52,"column":44},"end":{"line":52,"column":81}},{"start":{"line":52,"column":84},"end":{"line":52,"column":86}}]},"20":{"loc":{"start":{"line":66,"column":56},"end":{"line":66,"column":73}},"type":"binary-expr","locations":[{"start":{"line":66,"column":56},"end":{"line":66,"column":66}},{"start":{"line":66,"column":70},"end":{"line":66,"column":73}}]},"21":{"loc":{"start":{"line":70,"column":18},"end":{"line":70,"column":71}},"type":"cond-expr","locations":[{"start":{"line":70,"column":45},"end":{"line":70,"column":67}},{"start":{"line":70,"column":70},"end":{"line":70,"column":71}}]},"22":{"loc":{"start":{"line":81,"column":4},"end":{"line":81,"column":43}},"type":"if","locations":[{"start":{"line":81,"column":4},"end":{"line":81,"column":43}}]},"23":{"loc":{"start":{"line":88,"column":31},"end":{"line":88,"column":84}},"type":"cond-expr","locations":[{"start":{"line":88,"column":58},"end":{"line":88,"column":80}},{"start":{"line":88,"column":83},"end":{"line":88,"column":84}}]}},"s":{"0":1,"1":1,"2":1,"3":1,"4":0,"5":2,"6":4,"7":3,"8":3,"9":3,"10":3,"11":3,"12":3,"13":3,"14":3,"15":3,"16":3,"17":3,"18":3,"19":2,"20":2,"21":0,"22":2,"23":1,"24":2,"25":0,"26":2,"27":2,"28":2,"29":2,"30":2,"31":2,"32":2,"33":2,"34":2,"35":2,"36":2,"37":2,"38":2,"39":2,"40":1,"41":1,"42":1,"43":1,"44":1,"45":1,"46":2,"47":2,"48":2,"49":2,"50":1,"51":1},"f":{"0":0,"1":2,"2":4,"3":3,"4":2,"5":2,"6":2,"7":2,"8":2},"b":{"0":[3,3],"1":[3,3],"2":[0,3],"3":[0,0],"4":[0,3],"5":[0,0],"6":[3,3],"7":[0,3],"8":[0,0],"9":[0,3],"10":[0,0],"11":[0,3],"12":[0,0],"13":[0,3],"14":[0,0],"15":[3,3],"16":[0],"17":[1],"18":[0],"19":[1,1],"20":[2,2],"21":[2,0],"22":[1],"23":[1,0]}}
,"/home/carloshome/z-ultra-code/api-sankhya-center/src/tfpcar/entities/tfpcar.entity.ts": {"path":"/home/carloshome/z-ultra-code/api-sankhya-center/src/tfpcar/entities/tfpcar.entity.ts","statementMap":{"0":{"start":{"line":1,"column":0},"end":{"line":1,"column":63}},"1":{"start":{"line":4,"column":7},"end":{"line":91,"column":null}},"2":{"start":{"line":4,"column":13},"end":{"line":4,"column":25}},"3":{"start":{"line":6,"column":2},"end":{"line":6,"column":null}},"4":{"start":{"line":9,"column":2},"end":{"line":9,"column":null}},"5":{"start":{"line":12,"column":2},"end":{"line":12,"column":null}},"6":{"start":{"line":15,"column":2},"end":{"line":15,"column":null}},"7":{"start":{"line":18,"column":2},"end":{"line":18,"column":null}},"8":{"start":{"line":21,"column":2},"end":{"line":21,"column":null}},"9":{"start":{"line":24,"column":2},"end":{"line":24,"column":null}},"10":{"start":{"line":27,"column":2},"end":{"line":27,"column":null}},"11":{"start":{"line":30,"column":2},"end":{"line":30,"column":null}},"12":{"start":{"line":33,"column":2},"end":{"line":33,"column":null}},"13":{"start":{"line":36,"column":2},"end":{"line":36,"column":null}},"14":{"start":{"line":39,"column":2},"end":{"line":39,"column":null}},"15":{"start":{"line":42,"column":2},"end":{"line":42,"column":null}},"16":{"start":{"line":45,"column":2},"end":{"line":45,"column":null}},"17":{"start":{"line":48,"column":2},"end":{"line":48,"column":null}},"18":{"start":{"line":51,"column":2},"end":{"line":51,"column":null}},"19":{"start":{"line":54,"column":2},"end":{"line":54,"column":null}},"20":{"start":{"line":57,"column":2},"end":{"line":57,"column":null}},"21":{"start":{"line":60,"column":2},"end":{"line":60,"column":null}},"22":{"start":{"line":63,"column":2},"end":{"line":63,"column":null}},"23":{"start":{"line":66,"column":2},"end":{"line":66,"column":null}},"24":{"start":{"line":69,"column":2},"end":{"line":69,"column":null}},"25":{"start":{"line":72,"column":2},"end":{"line":72,"column":null}},"26":{"start":{"line":75,"column":2},"end":{"line":75,"column":null}},"27":{"start":{"line":78,"column":2},"end":{"line":78,"column":null}},"28":{"start":{"line":81,"column":2},"end":{"line":81,"column":null}},"29":{"start":{"line":84,"column":2},"end":{"line":84,"column":null}},"30":{"start":{"line":87,"column":2},"end":{"line":87,"column":null}},"31":{"start":{"line":90,"column":2},"end":{"line":90,"column":null}},"32":{"start":{"line":4,"column":13},"end":{"line":91,"column":null}}},"fnMap":{},"branchMap":{},"s":{"0":0,"1":0,"2":0,"3":0,"4":0,"5":0,"6":0,"7":0,"8":0,"9":0,"10":0,"11":0,"12":0,"13":0,"14":0,"15":0,"16":0,"17":0,"18":0,"19":0,"20":0,"21":0,"22":0,"23":0,"24":0,"25":0,"26":0,"27":0,"28":0,"29":0,"30":0,"31":0,"32":0},"f":{},"b":{}}
,"/home/carloshome/z-ultra-code/api-sankhya-center/src/tfpcar/models/tfpcar-find-all.dto.ts": {"path":"/home/carloshome/z-ultra-code/api-sankhya-center/src/tfpcar/models/tfpcar-find-all.dto.ts","statementMap":{"0":{"start":{"line":1,"column":0},"end":{"line":1,"column":79}},"1":{"start":{"line":2,"column":0},"end":{"line":2,"column":41}},"2":{"start":{"line":3,"column":0},"end":{"line":3,"column":46}},"3":{"start":{"line":4,"column":0},"end":{"line":4,"column":68}},"4":{"start":{"line":142,"column":2},"end":{"line":142,"column":24}},"5":{"start":{"line":6,"column":0},"end":{"line":6,"column":13}},"6":{"start":{"line":11,"column":2},"end":{"line":11,"column":null}},"7":{"start":{"line":16,"column":2},"end":{"line":16,"column":null}},"8":{"start":{"line":22,"column":2},"end":{"line":22,"column":null}},"9":{"start":{"line":20,"column":14},"end":{"line":20,"column":20}},"10":{"start":{"line":28,"column":2},"end":{"line":28,"column":null}},"11":{"start":{"line":26,"column":14},"end":{"line":26,"column":20}},"12":{"start":{"line":33,"column":2},"end":{"line":33,"column":null}},"13":{"start":{"line":38,"column":2},"end":{"line":38,"column":null}},"14":{"start":{"line":44,"column":2},"end":{"line":44,"column":null}},"15":{"start":{"line":42,"column":14},"end":{"line":42,"column":20}},"16":{"start":{"line":50,"column":2},"end":{"line":50,"column":null}},"17":{"start":{"line":48,"column":14},"end":{"line":48,"column":20}},"18":{"start":{"line":56,"column":2},"end":{"line":56,"column":null}},"19":{"start":{"line":54,"column":14},"end":{"line":54,"column":20}},"20":{"start":{"line":62,"column":2},"end":{"line":62,"column":null}},"21":{"start":{"line":60,"column":14},"end":{"line":60,"column":20}},"22":{"start":{"line":67,"column":2},"end":{"line":67,"column":null}},"23":{"start":{"line":72,"column":2},"end":{"line":72,"column":null}},"24":{"start":{"line":77,"column":2},"end":{"line":77,"column":null}},"25":{"start":{"line":83,"column":2},"end":{"line":83,"column":null}},"26":{"start":{"line":81,"column":14},"end":{"line":81,"column":20}},"27":{"start":{"line":89,"column":2},"end":{"line":89,"column":null}},"28":{"start":{"line":87,"column":14},"end":{"line":87,"column":20}},"29":{"start":{"line":94,"column":2},"end":{"line":94,"column":null}},"30":{"start":{"line":99,"column":2},"end":{"line":99,"column":null}},"31":{"start":{"line":105,"column":2},"end":{"line":105,"column":null}},"32":{"start":{"line":103,"column":14},"end":{"line":103,"column":20}},"33":{"start":{"line":110,"column":2},"end":{"line":110,"column":null}},"34":{"start":{"line":116,"column":2},"end":{"line":116,"column":null}},"35":{"start":{"line":114,"column":14},"end":{"line":114,"column":20}},"36":{"start":{"line":121,"column":2},"end":{"line":121,"column":null}},"37":{"start":{"line":127,"column":2},"end":{"line":127,"column":null}},"38":{"start":{"line":125,"column":14},"end":{"line":125,"column":20}},"39":{"start":{"line":133,"column":2},"end":{"line":133,"column":null}},"40":{"start":{"line":131,"column":14},"end":{"line":131,"column":20}},"41":{"start":{"line":142,"column":2},"end":{"line":142,"column":null}}},"fnMap":{"0":{"name":"(anonymous_2)","decl":{"start":{"line":6,"column":0},"end":{"line":6,"column":13}},"loc":{"start":{"line":6,"column":0},"end":{"line":143,"column":1}}},"1":{"name":"(anonymous_3)","decl":{"start":{"line":20,"column":8},"end":{"line":20,"column":11}},"loc":{"start":{"line":20,"column":14},"end":{"line":20,"column":20}}},"2":{"name":"(anonymous_4)","decl":{"start":{"line":26,"column":8},"end":{"line":26,"column":11}},"loc":{"start":{"line":26,"column":14},"end":{"line":26,"column":20}}},"3":{"name":"(anonymous_5)","decl":{"start":{"line":42,"column":8},"end":{"line":42,"column":11}},"loc":{"start":{"line":42,"column":14},"end":{"line":42,"column":20}}},"4":{"name":"(anonymous_6)","decl":{"start":{"line":48,"column":8},"end":{"line":48,"column":11}},"loc":{"start":{"line":48,"column":14},"end":{"line":48,"column":20}}},"5":{"name":"(anonymous_7)","decl":{"start":{"line":54,"column":8},"end":{"line":54,"column":11}},"loc":{"start":{"line":54,"column":14},"end":{"line":54,"column":20}}},"6":{"name":"(anonymous_8)","decl":{"start":{"line":60,"column":8},"end":{"line":60,"column":11}},"loc":{"start":{"line":60,"column":14},"end":{"line":60,"column":20}}},"7":{"name":"(anonymous_9)","decl":{"start":{"line":81,"column":8},"end":{"line":81,"column":11}},"loc":{"start":{"line":81,"column":14},"end":{"line":81,"column":20}}},"8":{"name":"(anonymous_10)","decl":{"start":{"line":87,"column":8},"end":{"line":87,"column":11}},"loc":{"start":{"line":87,"column":14},"end":{"line":87,"column":20}}},"9":{"name":"(anonymous_11)","decl":{"start":{"line":103,"column":8},"end":{"line":103,"column":11}},"loc":{"start":{"line":103,"column":14},"end":{"line":103,"column":20}}},"10":{"name":"(anonymous_12)","decl":{"start":{"line":114,"column":8},"end":{"line":114,"column":11}},"loc":{"start":{"line":114,"column":14},"end":{"line":114,"column":20}}},"11":{"name":"(anonymous_13)","decl":{"start":{"line":125,"column":8},"end":{"line":125,"column":11}},"loc":{"start":{"line":125,"column":14},"end":{"line":125,"column":20}}},"12":{"name":"(anonymous_14)","decl":{"start":{"line":131,"column":8},"end":{"line":131,"column":11}},"loc":{"start":{"line":131,"column":14},"end":{"line":131,"column":20}}}},"branchMap":{},"s":{"0":0,"1":0,"2":0,"3":0,"4":0,"5":0,"6":0,"7":0,"8":0,"9":0,"10":0,"11":0,"12":0,"13":0,"14":0,"15":0,"16":0,"17":0,"18":0,"19":0,"20":0,"21":0,"22":0,"23":0,"24":0,"25":0,"26":0,"27":0,"28":0,"29":0,"30":0,"31":0,"32":0,"33":0,"34":0,"35":0,"36":0,"37":0,"38":0,"39":0,"40":0,"41":0},"f":{"0":0,"1":0,"2":0,"3":0,"4":0,"5":0,"6":0,"7":0,"8":0,"9":0,"10":0,"11":0,"12":0},"b":{}}
,"/home/carloshome/z-ultra-code/api-sankhya-center/src/tfpdep/tfpdep.controller.ts": {"path":"/home/carloshome/z-ultra-code/api-sankhya-center/src/tfpdep/tfpdep.controller.ts","statementMap":{"0":{"start":{"line":1,"column":0},"end":{"line":1,"column":117}},"1":{"start":{"line":2,"column":0},"end":{"line":2,"column":89}},"2":{"start":{"line":3,"column":0},"end":{"line":3,"column":57}},"3":{"start":{"line":4,"column":0},"end":{"line":4,"column":54}},"4":{"start":{"line":5,"column":0},"end":{"line":5,"column":49}},"5":{"start":{"line":6,"column":0},"end":{"line":6,"column":64}},"6":{"start":{"line":9,"column":0},"end":{"line":9,"column":79}},"7":{"start":{"line":14,"column":7},"end":{"line":101,"column":null}},"8":{"start":{"line":16,"column":4},"end":{"line":16,"column":25}},"9":{"start":{"line":15,"column":33},"end":{"line":15,"column":48}},"10":{"start":{"line":71,"column":5},"end":{"line":71,"column":44}},"11":{"start":{"line":97,"column":4},"end":{"line":97,"column":48}},"12":{"start":{"line":14,"column":13},"end":{"line":14,"column":29}},"13":{"start":{"line":70,"column":9},"end":{"line":72,"column":null}},"14":{"start":{"line":96,"column":8},"end":{"line":98,"column":null}},"15":{"start":{"line":14,"column":13},"end":{"line":101,"column":null}}},"fnMap":{"0":{"name":"(anonymous_4)","decl":{"start":{"line":15,"column":2},"end":{"line":15,"column":33}},"loc":{"start":{"line":15,"column":61},"end":{"line":17,"column":3}}},"1":{"name":"(anonymous_5)","decl":{"start":{"line":70,"column":3},"end":{"line":70,"column":8}},"loc":{"start":{"line":70,"column":47},"end":{"line":72,"column":4}}},"2":{"name":"(anonymous_6)","decl":{"start":{"line":96,"column":2},"end":{"line":96,"column":7}},"loc":{"start":{"line":96,"column":48},"end":{"line":98,"column":3}}}},"branchMap":{},"s":{"0":0,"1":0,"2":0,"3":0,"4":0,"5":0,"6":0,"7":0,"8":0,"9":0,"10":0,"11":0,"12":0,"13":0,"14":0,"15":0},"f":{"0":0,"1":0,"2":0},"b":{}}
,"/home/carloshome/z-ultra-code/api-sankhya-center/src/tfpdep/tfpdep.module.ts": {"path":"/home/carloshome/z-ultra-code/api-sankhya-center/src/tfpdep/tfpdep.module.ts","statementMap":{"0":{"start":{"line":1,"column":0},"end":{"line":1,"column":40}},"1":{"start":{"line":2,"column":0},"end":{"line":2,"column":55}},"2":{"start":{"line":3,"column":0},"end":{"line":3,"column":49}},"3":{"start":{"line":4,"column":0},"end":{"line":4,"column":55}},"4":{"start":{"line":11,"column":7},"end":{"line":11,"column":null}},"5":{"start":{"line":11,"column":13},"end":{"line":11,"column":25}},"6":{"start":{"line":11,"column":13},"end":{"line":11,"column":null}}},"fnMap":{},"branchMap":{},"s":{"0":0,"1":0,"2":0,"3":0,"4":0,"5":0,"6":0},"f":{},"b":{}}
,"/home/carloshome/z-ultra-code/api-sankhya-center/src/tfpdep/tfpdep.service.ts": {"path":"/home/carloshome/z-ultra-code/api-sankhya-center/src/tfpdep/tfpdep.service.ts","statementMap":{"0":{"start":{"line":1,"column":0},"end":{"line":1,"column":44}},"1":{"start":{"line":4,"column":0},"end":{"line":4,"column":73}},"2":{"start":{"line":6,"column":0},"end":{"line":6,"column":59}},"3":{"start":{"line":9,"column":7},"end":{"line":94,"column":null}},"4":{"start":{"line":11,"column":4},"end":{"line":11,"column":20}},"5":{"start":{"line":15,"column":4},"end":{"line":15,"column":20}},"6":{"start":{"line":19,"column":4},"end":{"line":19,"column":227}},"7":{"start":{"line":24,"column":19},"end":{"line":24,"column":43}},"8":{"start":{"line":25,"column":4},"end":{"line":25,"column":71}},"9":{"start":{"line":26,"column":4},"end":{"line":26,"column":30}},"10":{"start":{"line":27,"column":4},"end":{"line":27,"column":30}},"11":{"start":{"line":28,"column":4},"end":{"line":28,"column":30}},"12":{"start":{"line":29,"column":4},"end":{"line":29,"column":30}},"13":{"start":{"line":30,"column":4},"end":{"line":30,"column":59}},"14":{"start":{"line":31,"column":4},"end":{"line":31,"column":28}},"15":{"start":{"line":36,"column":35},"end":{"line":36,"column":37}},"16":{"start":{"line":38,"column":4},"end":{"line":40,"column":5}},"17":{"start":{"line":39,"column":6},"end":{"line":39,"column":68}},"18":{"start":{"line":41,"column":4},"end":{"line":43,"column":5}},"19":{"start":{"line":42,"column":6},"end":{"line":42,"column":57}},"20":{"start":{"line":45,"column":18},"end":{"line":45,"column":86}},"21":{"start":{"line":46,"column":18},"end":{"line":46,"column":75}},"22":{"start":{"line":48,"column":21},"end":{"line":48,"column":75}},"23":{"start":{"line":50,"column":25},"end":{"line":50,"column":89}},"24":{"start":{"line":50,"column":53},"end":{"line":50,"column":88}},"25":{"start":{"line":53,"column":4},"end":{"line":57,"column":5}},"26":{"start":{"line":54,"column":25},"end":{"line":54,"column":111}},"27":{"start":{"line":55,"column":28},"end":{"line":55,"column":87}},"28":{"start":{"line":56,"column":6},"end":{"line":56,"column":85}},"29":{"start":{"line":59,"column":4},"end":{"line":59,"column":76}},"30":{"start":{"line":59,"column":28},"end":{"line":59,"column":74}},"31":{"start":{"line":61,"column":23},"end":{"line":61,"column":70}},"32":{"start":{"line":62,"column":26},"end":{"line":62,"column":85}},"33":{"start":{"line":63,"column":18},"end":{"line":63,"column":71}},"34":{"start":{"line":65,"column":4},"end":{"line":65,"column":92}},"35":{"start":{"line":70,"column":18},"end":{"line":70,"column":218}},"36":{"start":{"line":72,"column":21},"end":{"line":72,"column":75}},"37":{"start":{"line":74,"column":4},"end":{"line":74,"column":43}},"38":{"start":{"line":74,"column":31},"end":{"line":74,"column":43}},"39":{"start":{"line":76,"column":19},"end":{"line":76,"column":61}},"40":{"start":{"line":79,"column":23},"end":{"line":79,"column":111}},"41":{"start":{"line":80,"column":26},"end":{"line":80,"column":85}},"42":{"start":{"line":81,"column":4},"end":{"line":81,"column":85}},"43":{"start":{"line":83,"column":4},"end":{"line":83,"column":18}},"44":{"start":{"line":89,"column":43},"end":{"line":89,"column":47}},"45":{"start":{"line":90,"column":21},"end":{"line":90,"column":73}},"46":{"start":{"line":91,"column":20},"end":{"line":91,"column":35}},"47":{"start":{"line":92,"column":4},"end":{"line":92,"column":61}},"48":{"start":{"line":9,"column":13},"end":{"line":9,"column":26}},"49":{"start":{"line":9,"column":13},"end":{"line":94,"column":null}}},"fnMap":{"0":{"name":"(anonymous_1)","decl":{"start":{"line":10,"column":2},"end":{"line":10,"column":14}},"loc":{"start":{"line":10,"column":14},"end":{"line":12,"column":3}}},"1":{"name":"(anonymous_2)","decl":{"start":{"line":14,"column":2},"end":{"line":14,"column":15}},"loc":{"start":{"line":14,"column":15},"end":{"line":16,"column":3}}},"2":{"name":"(anonymous_3)","decl":{"start":{"line":18,"column":2},"end":{"line":18,"column":19}},"loc":{"start":{"line":18,"column":19},"end":{"line":20,"column":3}}},"3":{"name":"(anonymous_4)","decl":{"start":{"line":22,"column":2},"end":{"line":22,"column":13}},"loc":{"start":{"line":22,"column":23},"end":{"line":32,"column":3}}},"4":{"name":"(anonymous_5)","decl":{"start":{"line":35,"column":2},"end":{"line":35,"column":7}},"loc":{"start":{"line":35,"column":37},"end":{"line":66,"column":3}}},"5":{"name":"(anonymous_6)","decl":{"start":{"line":50,"column":38},"end":{"line":50,"column":39}},"loc":{"start":{"line":50,"column":53},"end":{"line":50,"column":88}}},"6":{"name":"(anonymous_7)","decl":{"start":{"line":59,"column":20},"end":{"line":59,"column":24}},"loc":{"start":{"line":59,"column":28},"end":{"line":59,"column":74}}},"7":{"name":"(anonymous_8)","decl":{"start":{"line":69,"column":2},"end":{"line":69,"column":7}},"loc":{"start":{"line":69,"column":27},"end":{"line":84,"column":3}}},"8":{"name":"(anonymous_9)","decl":{"start":{"line":88,"column":10},"end":{"line":88,"column":30}},"loc":{"start":{"line":88,"column":99},"end":{"line":93,"column":3}}}},"branchMap":{"0":{"loc":{"start":{"line":25,"column":21},"end":{"line":25,"column":70}},"type":"cond-expr","locations":[{"start":{"line":25,"column":36},"end":{"line":25,"column":58}},{"start":{"line":25,"column":61},"end":{"line":25,"column":70}}]},"1":{"loc":{"start":{"line":30,"column":31},"end":{"line":30,"column":58}},"type":"binary-expr","locations":[{"start":{"line":30,"column":31},"end":{"line":30,"column":53}},{"start":{"line":30,"column":57},"end":{"line":30,"column":58}}]},"2":{"loc":{"start":{"line":38,"column":4},"end":{"line":40,"column":5}},"type":"if","locations":[{"start":{"line":38,"column":4},"end":{"line":40,"column":5}}]},"3":{"loc":{"start":{"line":41,"column":4},"end":{"line":43,"column":5}},"type":"if","locations":[{"start":{"line":41,"column":4},"end":{"line":43,"column":5}}]},"4":{"loc":{"start":{"line":45,"column":18},"end":{"line":45,"column":86}},"type":"cond-expr","locations":[{"start":{"line":45,"column":44},"end":{"line":45,"column":81}},{"start":{"line":45,"column":84},"end":{"line":45,"column":86}}]},"5":{"loc":{"start":{"line":56,"column":31},"end":{"line":56,"column":84}},"type":"cond-expr","locations":[{"start":{"line":56,"column":58},"end":{"line":56,"column":80}},{"start":{"line":56,"column":83},"end":{"line":56,"column":84}}]},"6":{"loc":{"start":{"line":59,"column":56},"end":{"line":59,"column":73}},"type":"binary-expr","locations":[{"start":{"line":59,"column":56},"end":{"line":59,"column":66}},{"start":{"line":59,"column":70},"end":{"line":59,"column":73}}]},"7":{"loc":{"start":{"line":63,"column":18},"end":{"line":63,"column":71}},"type":"cond-expr","locations":[{"start":{"line":63,"column":45},"end":{"line":63,"column":67}},{"start":{"line":63,"column":70},"end":{"line":63,"column":71}}]},"8":{"loc":{"start":{"line":74,"column":4},"end":{"line":74,"column":43}},"type":"if","locations":[{"start":{"line":74,"column":4},"end":{"line":74,"column":43}}]},"9":{"loc":{"start":{"line":81,"column":31},"end":{"line":81,"column":84}},"type":"cond-expr","locations":[{"start":{"line":81,"column":58},"end":{"line":81,"column":80}},{"start":{"line":81,"column":83},"end":{"line":81,"column":84}}]}},"s":{"0":1,"1":1,"2":1,"3":1,"4":0,"5":1,"6":1,"7":2,"8":2,"9":2,"10":2,"11":2,"12":2,"13":2,"14":2,"15":1,"16":1,"17":0,"18":1,"19":0,"20":1,"21":1,"22":1,"23":1,"24":1,"25":1,"26":1,"27":1,"28":1,"29":1,"30":1,"31":1,"32":1,"33":1,"34":1,"35":1,"36":1,"37":1,"38":0,"39":1,"40":1,"41":1,"42":1,"43":1,"44":1,"45":1,"46":1,"47":1,"48":1,"49":1},"f":{"0":0,"1":1,"2":1,"3":2,"4":1,"5":1,"6":1,"7":1,"8":1},"b":{"0":[0,2],"1":[2,2],"2":[0],"3":[0],"4":[0,1],"5":[1,0],"6":[1,1],"7":[1,0],"8":[0],"9":[1,0]}}
,"/home/carloshome/z-ultra-code/api-sankhya-center/src/tfpdep/entities/tfpdep.entity.ts": {"path":"/home/carloshome/z-ultra-code/api-sankhya-center/src/tfpdep/entities/tfpdep.entity.ts","statementMap":{"0":{"start":{"line":1,"column":0},"end":{"line":1,"column":63}},"1":{"start":{"line":4,"column":7},"end":{"line":70,"column":null}},"2":{"start":{"line":4,"column":13},"end":{"line":4,"column":25}},"3":{"start":{"line":6,"column":2},"end":{"line":6,"column":null}},"4":{"start":{"line":9,"column":2},"end":{"line":9,"column":null}},"5":{"start":{"line":12,"column":2},"end":{"line":12,"column":null}},"6":{"start":{"line":15,"column":2},"end":{"line":15,"column":null}},"7":{"start":{"line":18,"column":2},"end":{"line":18,"column":null}},"8":{"start":{"line":21,"column":2},"end":{"line":21,"column":null}},"9":{"start":{"line":24,"column":2},"end":{"line":24,"column":null}},"10":{"start":{"line":27,"column":2},"end":{"line":27,"column":null}},"11":{"start":{"line":30,"column":2},"end":{"line":30,"column":null}},"12":{"start":{"line":33,"column":2},"end":{"line":33,"column":null}},"13":{"start":{"line":36,"column":2},"end":{"line":36,"column":null}},"14":{"start":{"line":39,"column":2},"end":{"line":39,"column":null}},"15":{"start":{"line":42,"column":2},"end":{"line":42,"column":null}},"16":{"start":{"line":45,"column":2},"end":{"line":45,"column":null}},"17":{"start":{"line":48,"column":2},"end":{"line":48,"column":null}},"18":{"start":{"line":51,"column":2},"end":{"line":51,"column":null}},"19":{"start":{"line":54,"column":2},"end":{"line":54,"column":null}},"20":{"start":{"line":57,"column":2},"end":{"line":57,"column":null}},"21":{"start":{"line":60,"column":2},"end":{"line":60,"column":null}},"22":{"start":{"line":63,"column":2},"end":{"line":63,"column":null}},"23":{"start":{"line":66,"column":2},"end":{"line":66,"column":null}},"24":{"start":{"line":69,"column":2},"end":{"line":69,"column":null}},"25":{"start":{"line":4,"column":13},"end":{"line":70,"column":null}}},"fnMap":{},"branchMap":{},"s":{"0":0,"1":0,"2":0,"3":0,"4":0,"5":0,"6":0,"7":0,"8":0,"9":0,"10":0,"11":0,"12":0,"13":0,"14":0,"15":0,"16":0,"17":0,"18":0,"19":0,"20":0,"21":0,"22":0,"23":0,"24":0,"25":0},"f":{},"b":{}}
,"/home/carloshome/z-ultra-code/api-sankhya-center/src/tfpdep/models/tfpdep-find-all.dto.ts": {"path":"/home/carloshome/z-ultra-code/api-sankhya-center/src/tfpdep/models/tfpdep-find-all.dto.ts","statementMap":{"0":{"start":{"line":1,"column":0},"end":{"line":1,"column":65}},"1":{"start":{"line":3,"column":0},"end":{"line":3,"column":46}},"2":{"start":{"line":4,"column":0},"end":{"line":4,"column":68}},"3":{"start":{"line":25,"column":2},"end":{"line":25,"column":24}},"4":{"start":{"line":6,"column":0},"end":{"line":6,"column":13}},"5":{"start":{"line":11,"column":2},"end":{"line":11,"column":null}},"6":{"start":{"line":16,"column":2},"end":{"line":16,"column":null}},"7":{"start":{"line":25,"column":2},"end":{"line":25,"column":null}}},"fnMap":{"0":{"name":"(anonymous_2)","decl":{"start":{"line":6,"column":0},"end":{"line":6,"column":13}},"loc":{"start":{"line":6,"column":0},"end":{"line":26,"column":1}}}},"branchMap":{},"s":{"0":0,"1":0,"2":0,"3":0,"4":0,"5":0,"6":0,"7":0},"f":{"0":0},"b":{}}
,"/home/carloshome/z-ultra-code/api-sankhya-center/src/tfpfun/tfpfun.controller.ts": {"path":"/home/carloshome/z-ultra-code/api-sankhya-center/src/tfpfun/tfpfun.controller.ts","statementMap":{"0":{"start":{"line":1,"column":0},"end":{"line":1,"column":117}},"1":{"start":{"line":2,"column":0},"end":{"line":2,"column":89}},"2":{"start":{"line":3,"column":0},"end":{"line":3,"column":57}},"3":{"start":{"line":4,"column":0},"end":{"line":4,"column":49}},"4":{"start":{"line":5,"column":0},"end":{"line":5,"column":64}},"5":{"start":{"line":8,"column":0},"end":{"line":8,"column":79}},"6":{"start":{"line":9,"column":0},"end":{"line":9,"column":54}},"7":{"start":{"line":14,"column":7},"end":{"line":81,"column":null}},"8":{"start":{"line":16,"column":4},"end":{"line":16,"column":25}},"9":{"start":{"line":15,"column":33},"end":{"line":15,"column":48}},"10":{"start":{"line":70,"column":4},"end":{"line":70,"column":43}},"11":{"start":{"line":79,"column":4},"end":{"line":79,"column":49}},"12":{"start":{"line":14,"column":13},"end":{"line":14,"column":29}},"13":{"start":{"line":69,"column":8},"end":{"line":71,"column":null}},"14":{"start":{"line":78,"column":8},"end":{"line":80,"column":null}},"15":{"start":{"line":14,"column":13},"end":{"line":81,"column":null}}},"fnMap":{"0":{"name":"(anonymous_4)","decl":{"start":{"line":15,"column":2},"end":{"line":15,"column":33}},"loc":{"start":{"line":15,"column":61},"end":{"line":17,"column":3}}},"1":{"name":"(anonymous_5)","decl":{"start":{"line":69,"column":2},"end":{"line":69,"column":7}},"loc":{"start":{"line":69,"column":46},"end":{"line":71,"column":3}}},"2":{"name":"(anonymous_6)","decl":{"start":{"line":78,"column":2},"end":{"line":78,"column":7}},"loc":{"start":{"line":78,"column":50},"end":{"line":80,"column":3}}}},"branchMap":{},"s":{"0":1,"1":1,"2":1,"3":1,"4":1,"5":1,"6":1,"7":1,"8":0,"9":0,"10":0,"11":0,"12":1,"13":1,"14":1,"15":1},"f":{"0":0,"1":0,"2":0},"b":{}}
,"/home/carloshome/z-ultra-code/api-sankhya-center/src/tfpfun/tfpfun.module.ts": {"path":"/home/carloshome/z-ultra-code/api-sankhya-center/src/tfpfun/tfpfun.module.ts","statementMap":{"0":{"start":{"line":1,"column":0},"end":{"line":1,"column":40}},"1":{"start":{"line":2,"column":0},"end":{"line":2,"column":49}},"2":{"start":{"line":3,"column":0},"end":{"line":3,"column":55}},"3":{"start":{"line":4,"column":0},"end":{"line":4,"column":55}},"4":{"start":{"line":11,"column":7},"end":{"line":11,"column":null}},"5":{"start":{"line":11,"column":13},"end":{"line":11,"column":25}},"6":{"start":{"line":11,"column":13},"end":{"line":11,"column":null}}},"fnMap":{},"branchMap":{},"s":{"0":0,"1":0,"2":0,"3":0,"4":0,"5":0,"6":0},"f":{},"b":{}}
[...]
,"/home/carloshome/z-ultra-code/api-sankhya-center/src/tgfpar/tgfpar.module.ts": {"path":"/home/carloshome/z-ultra-code/api-sankhya-center/src/tgfpar/tgfpar.module.ts","statementMap":{"0":{"start":{"line":1,"column":0},"end":{"line":1,"column":40}},"1":{"start":{"line":2,"column":0},"end":{"line":2,"column":55}},"2":{"start":{"line":3,"column":0},"end":{"line":3,"column":49}},"3":{"start":{"line":4,"column":0},"end":{"line":4,"column":55}},"4":{"start":{"line":11,"column":7},"end":{"line":11,"column":null}},"5":{"start":{"line":11,"column":13},"end":{"line":11,"column":25}},"6":{"start":{"line":11,"column":13},"end":{"line":11,"column":null}}},"fnMap":{},"branchMap":{},"s":{"0":0,"1":0,"2":0,"3":0,"4":0,"5":0,"6":0},"f":{},"b":{}}
,"/home/carloshome/z-ultra-code/api-sankhya-center/src/tgfpar/tgfpar.service.ts": {"path":"/home/carloshome/z-ultra-code/api-sankhya-center/src/tgfpar/tgfpar.service.ts","statementMap":{"0":{"start":{"line":1,"column":0},"end":{"line":1,"column":44}},"1":{"start":{"line":4,"column":0},"end":{"line":4,"column":73}},"2":{"start":{"line":6,"column":0},"end":{"line":6,"column":59}},"3":{"start":{"line":9,"column":7},"end":{"line":132,"column":null}},"4":{"start":{"line":11,"column":4},"end":{"line":11,"column":20}},"5":{"start":{"line":15,"column":4},"end":{"line":15,"column":21}},"6":{"start":{"line":19,"column":4},"end":{"line":19,"column":14}},"7":{"start":{"line":24,"column":19},"end":{"line":24,"column":43}},"8":{"start":{"line":25,"column":4},"end":{"line":25,"column":30}},"9":{"start":{"line":26,"column":4},"end":{"line":26,"column":30}},"10":{"start":{"line":27,"column":4},"end":{"line":27,"column":30}},"11":{"start":{"line":28,"column":4},"end":{"line":28,"column":30}},"12":{"start":{"line":29,"column":4},"end":{"line":29,"column":30}},"13":{"start":{"line":30,"column":4},"end":{"line":30,"column":30}},"14":{"start":{"line":31,"column":4},"end":{"line":31,"column":28}},"15":{"start":{"line":35,"column":35},"end":{"line":35,"column":37}},"16":{"start":{"line":37,"column":4},"end":{"line":39,"column":5}},"17":{"start":{"line":38,"column":6},"end":{"line":38,"column":68}},"18":{"start":{"line":40,"column":4},"end":{"line":42,"column":5}},"19":{"start":{"line":41,"column":6},"end":{"line":41,"column":61}},"20":{"start":{"line":43,"column":4},"end":{"line":45,"column":5}},"21":{"start":{"line":44,"column":6},"end":{"line":44,"column":67}},"22":{"start":{"line":46,"column":4},"end":{"line":48,"column":5}},"23":{"start":{"line":47,"column":6},"end":{"line":47,"column":63}},"24":{"start":{"line":49,"column":4},"end":{"line":51,"column":5}},"25":{"start":{"line":50,"column":6},"end":{"line":50,"column":57}},"26":{"start":{"line":52,"column":4},"end":{"line":54,"column":5}},"27":{"start":{"line":53,"column":6},"end":{"line":53,"column":62}},"28":{"start":{"line":55,"column":4},"end":{"line":57,"column":5}},"29":{"start":{"line":56,"column":6},"end":{"line":56,"column":58}},"30":{"start":{"line":58,"column":4},"end":{"line":60,"column":5}},"31":{"start":{"line":59,"column":6},"end":{"line":59,"column":65}},"32":{"start":{"line":61,"column":4},"end":{"line":63,"column":5}},"33":{"start":{"line":62,"column":6},"end":{"line":62,"column":65}},"34":{"start":{"line":64,"column":4},"end":{"line":66,"column":5}},"35":{"start":{"line":65,"column":6},"end":{"line":65,"column":57}},"36":{"start":{"line":67,"column":4},"end":{"line":69,"column":5}},"37":{"start":{"line":68,"column":6},"end":{"line":68,"column":57}},"38":{"start":{"line":71,"column":4},"end":{"line":73,"column":5}},"39":{"start":{"line":72,"column":6},"end":{"line":72,"column":86}},"40":{"start":{"line":74,"column":4},"end":{"line":76,"column":5}},"41":{"start":{"line":75,"column":6},"end":{"line":75,"column":68}},"42":{"start":{"line":77,"column":4},"end":{"line":79,"column":5}},"43":{"start":{"line":78,"column":6},"end":{"line":78,"column":64}},"44":{"start":{"line":80,"column":4},"end":{"line":82,"column":5}},"45":{"start":{"line":81,"column":6},"end":{"line":81,"column":55}},"46":{"start":{"line":83,"column":4},"end":{"line":85,"column":5}},"47":{"start":{"line":84,"column":6},"end":{"line":84,"column":57}},"48":{"start":{"line":86,"column":4},"end":{"line":88,"column":5}},"49":{"start":{"line":87,"column":6},"end":{"line":87,"column":62}},"50":{"start":{"line":89,"column":4},"end":{"line":91,"column":5}},"51":{"start":{"line":90,"column":6},"end":{"line":90,"column":60}},"52":{"start":{"line":92,"column":4},"end":{"line":94,"column":5}},"53":{"start":{"line":93,"column":6},"end":{"line":93,"column":66}},"54":{"start":{"line":95,"column":4},"end":{"line":97,"column":5}},"55":{"start":{"line":96,"column":6},"end":{"line":96,"column":64}},"56":{"start":{"line":99,"column":18},"end":{"line":99,"column":86}},"57":{"start":{"line":100,"column":20},"end":{"line":100,"column":58}},"58":{"start":{"line":101,"column":18},"end":{"line":101,"column":86}},"59":{"start":{"line":103,"column":21},"end":{"line":103,"column":75}},"60":{"start":{"line":105,"column":27},"end":{"line":105,"column":133}},"61":{"start":{"line":105,"column":55},"end":{"line":105,"column":132}},"62":{"start":{"line":107,"column":23},"end":{"line":107,"column":70}},"63":{"start":{"line":108,"column":26},"end":{"line":108,"column":85}},"64":{"start":{"line":109,"column":18},"end":{"line":109,"column":71}},"65":{"start":{"line":111,"column":4},"end":{"line":111,"column":92}},"66":{"start":{"line":115,"column":18},"end":{"line":115,"column":92}},"67":{"start":{"line":117,"column":21},"end":{"line":117,"column":75}},"68":{"start":{"line":119,"column":4},"end":{"line":119,"column":43}},"69":{"start":{"line":119,"column":31},"end":{"line":119,"column":43}},"70":{"start":{"line":121,"column":4},"end":{"line":121,"column":54}},"71":{"start":{"line":127,"column":43},"end":{"line":127,"column":47}},"72":{"start":{"line":128,"column":21},"end":{"line":128,"column":73}},"73":{"start":{"line":129,"column":20},"end":{"line":129,"column":35}},"74":{"start":{"line":130,"column":4},"end":{"line":130,"column":61}},"75":{"start":{"line":9,"column":13},"end":{"line":9,"column":26}},"76":{"start":{"line":9,"column":13},"end":{"line":132,"column":null}}},"fnMap":{"0":{"name":"(anonymous_1)","decl":{"start":{"line":10,"column":2},"end":{"line":10,"column":14}},"loc":{"start":{"line":10,"column":14},"end":{"line":12,"column":3}}},"1":{"name":"(anonymous_2)","decl":{"start":{"line":14,"column":2},"end":{"line":14,"column":15}},"loc":{"start":{"line":14,"column":15},"end":{"line":16,"column":3}}},"2":{"name":"(anonymous_3)","decl":{"start":{"line":18,"column":2},"end":{"line":18,"column":19}},"loc":{"start":{"line":18,"column":19},"end":{"line":20,"column":3}}},"3":{"name":"(anonymous_4)","decl":{"start":{"line":22,"column":2},"end":{"line":22,"column":13}},"loc":{"start":{"line":22,"column":23},"end":{"line":32,"column":3}}},"4":{"name":"(anonymous_5)","decl":{"start":{"line":34,"column":2},"end":{"line":34,"column":7}},"loc":{"start":{"line":34,"column":37},"end":{"line":112,"column":3}}},"5":{"name":"(anonymous_6)","decl":{"start":{"line":105,"column":40},"end":{"line":105,"column":41}},"loc":{"start":{"line":105,"column":55},"end":{"line":105,"column":132}}},"6":{"name":"(anonymous_7)","decl":{"start":{"line":114,"column":2},"end":{"line":114,"column":7}},"loc":{"start":{"line":114,"column":27},"end":{"line":122,"column":3}}},"7":{"name":"(anonymous_8)","decl":{"start":{"line":126,"column":10},"end":{"line":126,"column":30}},"loc":{"start":{"line":126,"column":99},"end":{"line":131,"column":3}}}},"branchMap":{"0":{"loc":{"start":{"line":37,"column":4},"end":{"line":39,"column":5}},"type":"if","locations":[{"start":{"line":37,"column":4},"end":{"line":39,"column":5}}]},"1":{"loc":{"start":{"line":40,"column":4},"end":{"line":42,"column":5}},"type":"if","locations":[{"start":{"line":40,"column":4},"end":{"line":42,"column":5}}]},"2":{"loc":{"start":{"line":43,"column":4},"end":{"line":45,"column":5}},"type":"if","locations":[{"start":{"line":43,"column":4},"end":{"line":45,"column":5}}]},"3":{"loc":{"start":{"line":46,"column":4},"end":{"line":48,"column":5}},"type":"if","locations":[{"start":{"line":46,"column":4},"end":{"line":48,"column":5}}]},"4":{"loc":{"start":{"line":49,"column":4},"end":{"line":51,"column":5}},"type":"if","locations":[{"start":{"line":49,"column":4},"end":{"line":51,"column":5}}]},"5":{"loc":{"start":{"line":52,"column":4},"end":{"line":54,"column":5}},"type":"if","locations":[{"start":{"line":52,"column":4},"end":{"line":54,"column":5}}]},"6":{"loc":{"start":{"line":55,"column":4},"end":{"line":57,"column":5}},"type":"if","locations":[{"start":{"line":55,"column":4},"end":{"line":57,"column":5}}]},"7":{"loc":{"start":{"line":58,"column":4},"end":{"line":60,"column":5}},"type":"if","locations":[{"start":{"line":58,"column":4},"end":{"line":60,"column":5}}]},"8":{"loc":{"start":{"line":61,"column":4},"end":{"line":63,"column":5}},"type":"if","locations":[{"start":{"line":61,"column":4},"end":{"line":63,"column":5}}]},"9":{"loc":{"start":{"line":64,"column":4},"end":{"line":66,"column":5}},"type":"if","locations":[{"start":{"line":64,"column":4},"end":{"line":66,"column":5}}]},"10":{"loc":{"start":{"line":67,"column":4},"end":{"line":69,"column":5}},"type":"if","locations":[{"start":{"line":67,"column":4},"end":{"line":69,"column":5}}]},"11":{"loc":{"start":{"line":71,"column":4},"end":{"line":73,"column":5}},"type":"if","locations":[{"start":{"line":71,"column":4},"end":{"line":73,"column":5}}]},"12":{"loc":{"start":{"line":74,"column":4},"end":{"line":76,"column":5}},"type":"if","locations":[{"start":{"line":74,"column":4},"end":{"line":76,"column":5}}]},"13":{"loc":{"start":{"line":77,"column":4},"end":{"line":79,"column":5}},"type":"if","locations":[{"start":{"line":77,"column":4},"end":{"line":79,"column":5}}]},"14":{"loc":{"start":{"line":80,"column":4},"end":{"line":82,"column":5}},"type":"if","locations":[{"start":{"line":80,"column":4},"end":{"line":82,"column":5}}]},"15":{"loc":{"start":{"line":83,"column":4},"end":{"line":85,"column":5}},"type":"if","locations":[{"start":{"line":83,"column":4},"end":{"line":85,"column":5}}]},"16":{"loc":{"start":{"line":86,"column":4},"end":{"line":88,"column":5}},"type":"if","locations":[{"start":{"line":86,"column":4},"end":{"line":88,"column":5}}]},"17":{"loc":{"start":{"line":89,"column":4},"end":{"line":91,"column":5}},"type":"if","locations":[{"start":{"line":89,"column":4},"end":{"line":91,"column":5}}]},"18":{"loc":{"start":{"line":92,"column":4},"end":{"line":94,"column":5}},"type":"if","locations":[{"start":{"line":92,"column":4},"end":{"line":94,"column":5}}]},"19":{"loc":{"start":{"line":95,"column":4},"end":{"line":97,"column":5}},"type":"if","locations":[{"start":{"line":95,"column":4},"end":{"line":97,"column":5}}]},"20":{"loc":{"start":{"line":99,"column":18},"end":{"line":99,"column":86}},"type":"cond-expr","locations":[{"start":{"line":99,"column":44},"end":{"line":99,"column":81}},{"start":{"line":99,"column":84},"end":{"line":99,"column":86}}]},"21":{"loc":{"start":{"line":100,"column":20},"end":{"line":100,"column":58}},"type":"cond-expr","locations":[{"start":{"line":100,"column":31},"end":{"line":100,"column":53}},{"start":{"line":100,"column":56},"end":{"line":100,"column":58}}]},"22":{"loc":{"start":{"line":105,"column":114},"end":{"line":105,"column":131}},"type":"binary-expr","locations":[{"start":{"line":105,"column":114},"end":{"line":105,"column":124}},{"start":{"line":105,"column":128},"end":{"line":105,"column":131}}]},"23":{"loc":{"start":{"line":109,"column":18},"end":{"line":109,"column":71}},"type":"cond-expr","locations":[{"start":{"line":109,"column":45},"end":{"line":109,"column":67}},{"start":{"line":109,"column":70},"end":{"line":109,"column":71}}]},"24":{"loc":{"start":{"line":119,"column":4},"end":{"line":119,"column":43}},"type":"if","locations":[{"start":{"line":119,"column":4},"end":{"line":119,"column":43}}]}},"s":{"0":2,"1":2,"2":2,"3":2,"4":0,"5":1,"6":0,"7":2,"8":2,"9":2,"10":2,"11":2,"12":2,"13":2,"14":2,"15":1,"16":1,"17":0,"18":1,"19":0,"20":1,"21":0,"22":1,"23":0,"24":1,"25":0,"26":1,"27":0,"28":1,"29":0,"30":1,"31":0,"32":1,"33":0,"34":1,"35":0,"36":1,"37":0,"38":1,"39":0,"40":1,"41":0,"42":1,"43":0,"44":1,"45":0,"46":1,"47":0,"48":1,"49":0,"50":1,"51":0,"52":1,"53":0,"54":1,"55":0,"56":1,"57":1,"58":1,"59":1,"60":1,"61":1,"62":1,"63":1,"64":1,"65":1,"66":1,"67":1,"68":1,"69":0,"70":1,"71":1,"72":1,"73":1,"74":1,"75":2,"76":2},"f":{"0":0,"1":1,"2":0,"3":2,"4":1,"5":1,"6":1,"7":1},"b":{"0":[0],"1":[0],"2":[0],"3":[0],"4":[0],"5":[0],"6":[0],"7":[0],"8":[0],"9":[0],"10":[0],"11":[0],"12":[0],"13":[0],"14":[0],"15":[0],"16":[0],"17":[0],"18":[0],"19":[0],"20":[0,1],"21":[0,1],"22":[1,1],"23":[1,0],"24":[0]}}
,"/home/carloshome/z-ultra-code/api-sankhya-center/src/tgfpar/entities/tgfpar.entity.ts": {"path":"/home/carloshome/z-ultra-code/api-sankhya-center/src/tgfpar/entities/tgfpar.entity.ts","statementMap":{"0":{"start":{"line":1,"column":0},"end":{"line":1,"column":63}},"1":{"start":{"line":4,"column":7},"end":{"line":55,"column":null}},"2":{"start":{"line":4,"column":13},"end":{"line":4,"column":25}},"3":{"start":{"line":6,"column":2},"end":{"line":6,"column":null}},"4":{"start":{"line":9,"column":2},"end":{"line":9,"column":null}},"5":{"start":{"line":12,"column":2},"end":{"line":12,"column":null}},"6":{"start":{"line":15,"column":2},"end":{"line":15,"column":null}},"7":{"start":{"line":18,"column":2},"end":{"line":18,"column":null}},"8":{"start":{"line":21,"column":2},"end":{"line":21,"column":null}},"9":{"start":{"line":24,"column":2},"end":{"line":24,"column":null}},"10":{"start":{"line":27,"column":2},"end":{"line":27,"column":null}},"11":{"start":{"line":30,"column":2},"end":{"line":30,"column":null}},"12":{"start":{"line":33,"column":2},"end":{"line":33,"column":null}},"13":{"start":{"line":36,"column":2},"end":{"line":36,"column":null}},"14":{"start":{"line":39,"column":2},"end":{"line":39,"column":null}},"15":{"start":{"line":42,"column":2},"end":{"line":42,"column":null}},"16":{"start":{"line":45,"column":2},"end":{"line":45,"column":null}},"17":{"start":{"line":48,"column":2},"end":{"line":48,"column":null}},"18":{"start":{"line":51,"column":2},"end":{"line":51,"column":null}},"19":{"start":{"line":54,"column":2},"end":{"line":54,"column":null}},"20":{"start":{"line":4,"column":13},"end":{"line":55,"column":null}}},"fnMap":{},"branchMap":{},"s":{"0":0,"1":0,"2":0,"3":0,"4":0,"5":0,"6":0,"7":0,"8":0,"9":0,"10":0,"11":0,"12":0,"13":0,"14":0,"15":0,"16":0,"17":0,"18":0,"19":0,"20":0},"f":{},"b":{}}
,"/home/carloshome/z-ultra-code/api-sankhya-center/src/tgfpar/models/tgfpar-find-all.dto.ts": {"path":"/home/carloshome/z-ultra-code/api-sankhya-center/src/tgfpar/models/tgfpar-find-all.dto.ts","statementMap":{"0":{"start":{"line":1,"column":0},"end":{"line":1,"column":65}},"1":{"start":{"line":2,"column":0},"end":{"line":2,"column":41}},"2":{"start":{"line":3,"column":0},"end":{"line":3,"column":46}},"3":{"start":{"line":4,"column":0},"end":{"line":4,"column":68}},"4":{"start":{"line":15,"column":3},"end":{"line":15,"column":25}},"5":{"start":{"line":6,"column":0},"end":{"line":6,"column":13}},"6":{"start":{"line":15,"column":3},"end":{"line":15,"column":null}},"7":{"start":{"line":20,"column":2},"end":{"line":20,"column":null}},"8":{"start":{"line":25,"column":2},"end":{"line":25,"column":null}},"9":{"start":{"line":30,"column":2},"end":{"line":30,"column":null}},"10":{"start":{"line":35,"column":2},"end":{"line":35,"column":null}},"11":{"start":{"line":40,"column":2},"end":{"line":40,"column":null}},"12":{"start":{"line":45,"column":2},"end":{"line":45,"column":null}},"13":{"start":{"line":50,"column":2},"end":{"line":50,"column":null}},"14":{"start":{"line":55,"column":2},"end":{"line":55,"column":null}},"15":{"start":{"line":60,"column":2},"end":{"line":60,"column":null}},"16":{"start":{"line":66,"column":2},"end":{"line":66,"column":null}},"17":{"start":{"line":64,"column":14},"end":{"line":64,"column":20}},"18":{"start":{"line":72,"column":2},"end":{"line":72,"column":null}},"19":{"start":{"line":70,"column":14},"end":{"line":70,"column":20}},"20":{"start":{"line":79,"column":2},"end":{"line":79,"column":null}},"21":{"start":{"line":84,"column":2},"end":{"line":84,"column":null}},"22":{"start":{"line":89,"column":2},"end":{"line":89,"column":null}},"23":{"start":{"line":95,"column":2},"end":{"line":95,"column":null}},"24":{"start":{"line":93,"column":14},"end":{"line":93,"column":20}},"25":{"start":{"line":101,"column":2},"end":{"line":101,"column":null}},"26":{"start":{"line":99,"column":14},"end":{"line":99,"column":20}},"27":{"start":{"line":106,"column":2},"end":{"line":106,"column":null}},"28":{"start":{"line":111,"column":2},"end":{"line":111,"column":null}},"29":{"start":{"line":116,"column":2},"end":{"line":116,"column":null}},"30":{"start":{"line":121,"column":2},"end":{"line":121,"column":null}}},"fnMap":{"0":{"name":"(anonymous_2)","decl":{"start":{"line":6,"column":0},"end":{"line":6,"column":13}},"loc":{"start":{"line":6,"column":0},"end":{"line":122,"column":1}}},"1":{"name":"(anonymous_3)","decl":{"start":{"line":64,"column":8},"end":{"line":64,"column":11}},"loc":{"start":{"line":64,"column":14},"end":{"line":64,"column":20}}},"2":{"name":"(anonymous_4)","decl":{"start":{"line":70,"column":8},"end":{"line":70,"column":11}},"loc":{"start":{"line":70,"column":14},"end":{"line":70,"column":20}}},"3":{"name":"(anonymous_5)","decl":{"start":{"line":93,"column":8},"end":{"line":93,"column":11}},"loc":{"start":{"line":93,"column":14},"end":{"line":93,"column":20}}},"4":{"name":"(anonymous_6)","decl":{"start":{"line":99,"column":8},"end":{"line":99,"column":11}},"loc":{"start":{"line":99,"column":14},"end":{"line":99,"column":20}}}},"branchMap":{},"s":{"0":1,"1":1,"2":1,"3":1,"4":0,"5":1,"6":1,"7":1,"8":1,"9":1,"10":1,"11":1,"12":1,"13":1,"14":1,"15":1,"16":1,"17":0,"18":1,"19":0,"20":1,"21":1,"22":1,"23":1,"24":0,"25":1,"26":0,"27":1,"28":1,"29":1,"30":1},"f":{"0":0,"1":0,"2":0,"3":0,"4":0},"b":{}}
}
