TN:
SF:src/app.module.ts
FNF:0
FNH:0
DA:1,0
DA:2,0
DA:3,0
DA:4,0
DA:5,0
DA:6,0
DA:7,0
DA:8,0
DA:9,0
DA:10,0
DA:38,0
LF:11
LH:0
BRF:0
BRH:0
end_of_record
TN:
SF:src/main.ts
FN:5,bootstrap
FNF:1
FNH:0
FNDA:0,bootstrap
DA:1,0
DA:2,0
DA:3,0
DA:6,0
DA:8,0
DA:13,0
DA:14,0
DA:16,0
DA:18,0
LF:9
LH:0
BRF:0
BRH:0
end_of_record
TN:
SF:src/auth/auth.controller.ts
FN:7,(anonymous_4)
FN:11,(anonymous_5)
FNF:2
FNH:0
FNDA:0,(anonymous_4)
FNDA:0,(anonymous_5)
DA:1,0
DA:2,0
DA:3,0
DA:6,0
DA:7,0
DA:11,0
DA:12,0
LF:7
LH:0
BRF:0
BRH:0
end_of_record
TN:
SF:src/auth/auth.module.ts
FNF:0
FNH:0
DA:1,0
DA:2,0
DA:3,0
DA:4,0
DA:5,0
DA:6,0
DA:7,0
DA:21,0
LF:8
LH:0
BRF:0
BRH:0
end_of_record
TN:
SF:src/auth/auth.service.ts
FN:6,(anonymous_2)
FN:8,(anonymous_3)
FN:16,(anonymous_4)
FNF:3
FNH:0
FNDA:0,(anonymous_2)
FNDA:0,(anonymous_3)
FNDA:0,(anonymous_4)
DA:1,0
DA:2,0
DA:5,0
DA:6,0
DA:10,0
DA:11,0
DA:13,0
DA:17,0
DA:18,0
LF:9
LH:0
BRDA:10,0,0,0
BRDA:10,1,0,0
BRDA:10,1,1,0
BRF:3
BRH:0
end_of_record
TN:
SF:src/auth/jwt-auth.guard.ts
FNF:0
FNH:0
DA:1,2
DA:2,2
DA:5,2
LF:3
LH:3
BRF:0
BRH:0
end_of_record
TN:
SF:src/auth/jwt.strategy.ts
FN:7,(anonymous_2)
FN:15,(anonymous_3)
FNF:2
FNH:0
FNDA:0,(anonymous_2)
FNDA:0,(anonymous_3)
DA:1,0
DA:2,0
DA:3,0
DA:6,0
DA:8,0
DA:16,0
LF:6
LH:0
BRF:0
BRH:0
end_of_record
TN:
SF:src/auth/local-auth.guard.ts
FNF:0
FNH:0
DA:1,0
DA:2,0
DA:5,0
LF:3
LH:0
BRF:0
BRH:0
end_of_record
TN:
SF:src/auth/local.strategy.ts
FN:8,(anonymous_2)
FN:12,(anonymous_3)
FNF:2
FNH:0
FNDA:0,(anonymous_2)
FNDA:0,(anonymous_3)
DA:1,0
DA:2,0
DA:3,0
DA:4,0
DA:7,0
DA:8,0
DA:9,0
DA:13,0
DA:14,0
DA:15,0
DA:17,0
LF:11
LH:0
BRDA:14,0,0,0
BRF:1
BRH:0
end_of_record
TN:
SF:src/common/base/sankhya-base.controller.ts
FN:7,(anonymous_4)
FN:14,(anonymous_5)
FN:21,(anonymous_6)
FNF:3
FNH:0
FNDA:0,(anonymous_4)
FNDA:0,(anonymous_5)
FNDA:0,(anonymous_6)
DA:1,2
DA:2,2
DA:3,2
DA:6,2
DA:7,0
DA:14,2
DA:15,0
DA:21,2
DA:22,0
LF:9
LH:6
BRF:0
BRH:0
end_of_record
TN:
SF:src/common/base/sankhya-base.service.ts
FN:8,(anonymous_2)
FN:15,(anonymous_3)
FN:17,(anonymous_4)
FN:18,(anonymous_5)
FN:22,(anonymous_6)
FN:22,(anonymous_7)
FN:24,(anonymous_8)
FN:32,(anonymous_9)
FN:34,(anonymous_10)
FN:47,(anonymous_11)
FN:49,(anonymous_12)
FN:55,(anonymous_13)
FN:66,(anonymous_14)
FN:75,(anonymous_15)
FNF:14
FNH:4
FNDA:13,(anonymous_2)
FNDA:5,(anonymous_3)
FNDA:0,(anonymous_4)
FNDA:0,(anonymous_5)
FNDA:0,(anonymous_6)
FNDA:0,(anonymous_7)
FNDA:0,(anonymous_8)
FNDA:0,(anonymous_9)
FNDA:0,(anonymous_10)
FNDA:8,(anonymous_11)
FNDA:16,(anonymous_12)
FNDA:0,(anonymous_13)
FNDA:0,(anonymous_14)
FNDA:0,(anonymous_15)
DA:1,6
DA:2,6
DA:3,6
DA:4,6
DA:7,6
DA:8,13
DA:16,5
DA:17,0
DA:18,0
DA:20,0
DA:22,0
DA:23,0
DA:24,0
DA:25,0
DA:26,0
DA:29,0
DA:32,0
DA:33,0
DA:34,0
DA:35,0
DA:36,0
DA:37,0
DA:38,0
DA:39,0
DA:40,0
DA:43,0
DA:48,8
DA:49,8
DA:50,16
DA:52,8
DA:56,0
DA:61,0
DA:62,0
DA:64,0
DA:66,0
DA:68,0
DA:69,0
DA:70,0
DA:72,0
DA:76,0
DA:77,0
DA:79,0
DA:81,0
LF:43
LH:11
BRDA:16,0,0,5
BRDA:20,1,0,0
BRDA:20,1,1,0
BRDA:25,2,0,0
BRDA:37,3,0,0
BRDA:37,3,1,0
BRDA:39,4,0,0
BRDA:61,5,0,0
BRDA:61,5,1,0
BRDA:70,6,0,0
BRDA:70,6,1,0
BRDA:79,7,0,0
BRF:12
BRH:1
end_of_record
TN:
SF:src/common/dto/base-find-all.dto.ts
FN:7,(anonymous_2)
FN:9,(anonymous_3)
FN:14,(anonymous_4)
FNF:3
FNH:0
FNDA:0,(anonymous_2)
FNDA:0,(anonymous_3)
FNDA:0,(anonymous_4)
DA:1,2
DA:2,2
DA:7,2
DA:9,0
DA:11,2
DA:14,0
DA:16,2
DA:20,2
DA:24,2
LF:9
LH:7
BRF:0
BRH:0
end_of_record
TN:
SF:src/common/filters/all-exceptions.filter.ts
FN:6,(anonymous_1)
FNF:1
FNH:0
FNDA:0,(anonymous_1)
DA:1,0
DA:5,0
DA:7,0
DA:8,0
DA:9,0
DA:11,0
DA:12,0
DA:14,0
DA:15,0
DA:16,0
DA:17,0
DA:18,0
DA:21,0
LF:13
LH:0
BRDA:14,0,0,0
BRDA:14,0,1,0
BRDA:17,1,0,0
BRF:3
BRH:0
end_of_record
TN:
SF:src/common/pagination/pagination.types.ts
FN:10,buildPaginatedResult
FN:22,wrapAllAsSinglePage
FNF:2
FNH:1
FNDA:1,buildPaginatedResult
FNDA:0,wrapAllAsSinglePage
DA:10,6
DA:16,1
DA:17,1
DA:18,1
DA:19,1
DA:22,6
DA:23,0
DA:24,0
LF:8
LH:6
BRDA:28,0,0,0
BRDA:28,0,1,0
BRF:2
BRH:0
end_of_record
TN:
SF:src/common/utils/string.utils.ts
FN:6,trimStrings
FN:10,(anonymous_1)
FNF:2
FNH:1
FNDA:86,trimStrings
FNDA:0,(anonymous_1)
DA:6,6
DA:7,86
DA:8,11
DA:9,75
DA:10,0
DA:11,75
DA:12,11
DA:13,11
DA:14,78
DA:15,78
DA:18,11
DA:20,64
LF:12
LH:11
BRDA:7,0,0,11
BRDA:7,0,1,75
BRDA:9,1,0,0
BRDA:9,1,1,75
BRDA:11,2,0,11
BRDA:11,3,0,75
BRDA:11,3,1,75
BRDA:11,3,2,11
BRDA:14,4,0,78
BRF:9
BRH:8
end_of_record
TN:
SF:src/sankhya-auth/sankhya-auth.module.ts
FNF:0
FNH:0
DA:1,0
DA:2,0
DA:3,0
DA:10,0
LF:4
LH:0
BRF:0
BRH:0
end_of_record
TN:
SF:src/sankhya-auth/sankhya-auth.service.ts
FN:14,(anonymous_2)
FN:20,(anonymous_3)
FN:43,(anonymous_4)
FNF:3
FNH:0
FNDA:0,(anonymous_2)
FNDA:0,(anonymous_3)
FNDA:0,(anonymous_4)
DA:1,6
DA:2,6
DA:4,6
DA:10,6
DA:11,0
DA:12,0
DA:14,0
DA:21,0
DA:22,0
DA:25,0
DA:32,0
DA:34,0
DA:36,0
DA:44,0
LF:14
LH:4
BRDA:21,0,0,0
BRDA:21,1,0,0
BRDA:21,1,1,0
BRDA:21,1,2,0
BRF:4
BRH:0
end_of_record
TN:
SF:src/shared/sankhya-query.service.ts
FN:9,(anonymous_2)
FN:20,(anonymous_3)
FNF:2
FNH:0
FNDA:0,(anonymous_2)
FNDA:0,(anonymous_3)
DA:1,6
DA:2,6
DA:4,6
DA:5,6
DA:8,6
DA:10,0
DA:11,0
DA:21,0
DA:22,0
DA:29,0
LF:10
LH:5
BRDA:20,0,0,0
BRDA:29,1,0,0
BRDA:29,1,1,0
BRF:3
BRH:0
end_of_record
TN:
SF:src/shared/shared.module.ts
FNF:0
FNH:0
DA:1,0
DA:2,0
DA:3,0
DA:4,0
DA:11,0
LF:5
LH:0
BRF:0
BRH:0
end_of_record
TN:
SF:src/test/app.e2e-spec.ts
FN:6,(anonymous_0)
FN:9,(anonymous_1)
FN:18,(anonymous_2)
FN:23,(anonymous_3)
FN:28,(anonymous_4)
FN:34,(anonymous_5)
FN:45,(anonymous_6)
FN:50,(anonymous_7)
FN:61,(anonymous_8)
FN:70,(anonymous_9)
FN:83,(anonymous_10)
FN:96,(anonymous_11)
FN:109,(anonymous_12)
FNF:13
FNH:0
FNDA:0,(anonymous_0)
FNDA:0,(anonymous_1)
FNDA:0,(anonymous_2)
FNDA:0,(anonymous_3)
FNDA:0,(anonymous_4)
FNDA:0,(anonymous_5)
FNDA:0,(anonymous_6)
FNDA:0,(anonymous_7)
FNDA:0,(anonymous_8)
FNDA:0,(anonymous_9)
FNDA:0,(anonymous_10)
FNDA:0,(anonymous_11)
FNDA:0,(anonymous_12)
DA:1,0
DA:3,0
DA:4,0
DA:6,0
DA:9,0
DA:10,0
DA:14,0
DA:15,0
DA:18,0
DA:19,0
DA:24,0
DA:28,0
DA:29,0
DA:34,0
DA:35,0
DA:39,0
DA:41,0
DA:46,0
DA:50,0
DA:51,0
DA:55,0
DA:57,0
DA:62,0
DA:63,0
DA:64,0
DA:65,0
DA:70,0
DA:71,0
DA:75,0
DA:77,0
DA:83,0
DA:84,0
DA:88,0
DA:90,0
DA:96,0
DA:97,0
DA:101,0
DA:103,0
DA:109,0
DA:110,0
LF:40
LH:0
BRF:0
BRH:0
end_of_record
TN:
SF:src/tfpcar/tfpcar.controller.ts
FN:15,(anonymous_4)
FN:58,(anonymous_5)
FN:85,(anonymous_6)
FNF:3
FNH:0
FNDA:0,(anonymous_4)
FNDA:0,(anonymous_5)
FNDA:0,(anonymous_6)
DA:1,0
DA:2,0
DA:3,0
DA:4,0
DA:5,0
DA:6,0
DA:9,0
DA:14,0
DA:15,0
DA:16,0
DA:58,0
DA:59,0
DA:85,0
DA:86,0
LF:14
LH:0
BRF:0
BRH:0
end_of_record
TN:
SF:src/tfpcar/tfpcar.module.ts
FNF:0
FNH:0
DA:1,0
DA:2,0
DA:3,0
DA:4,0
DA:11,0
LF:5
LH:0
BRF:0
BRH:0
end_of_record
TN:
SF:src/tfpcar/tfpcar.service.ts
FN:10,(anonymous_1)
FN:14,(anonymous_2)
FN:18,(anonymous_3)
FN:22,(anonymous_4)
FN:39,(anonymous_5)
FN:57,(anonymous_6)
FN:66,(anonymous_7)
FN:76,(anonymous_8)
FN:95,(anonymous_9)
FNF:9
FNH:8
FNDA:0,(anonymous_1)
FNDA:2,(anonymous_2)
FNDA:4,(anonymous_3)
FNDA:3,(anonymous_4)
FNDA:2,(anonymous_5)
FNDA:2,(anonymous_6)
FNDA:2,(anonymous_7)
FNDA:2,(anonymous_8)
FNDA:2,(anonymous_9)
DA:1,1
DA:4,1
DA:6,1
DA:9,1
DA:11,0
DA:15,2
DA:19,4
DA:24,3
DA:25,3
DA:26,3
DA:27,3
DA:28,3
DA:29,3
DA:30,3
DA:31,3
DA:32,3
DA:33,3
DA:34,3
DA:35,3
DA:40,2
DA:42,2
DA:43,0
DA:45,2
DA:46,1
DA:48,2
DA:49,0
DA:52,2
DA:53,2
DA:55,2
DA:57,2
DA:66,2
DA:68,2
DA:69,2
DA:70,2
DA:72,2
DA:77,2
DA:79,2
DA:81,2
DA:83,1
DA:86,1
DA:87,1
DA:88,1
DA:90,1
DA:96,2
DA:97,2
DA:98,2
DA:99,2
LF:47
LH:44
BRDA:25,0,0,3
BRDA:25,0,1,3
BRDA:26,1,0,3
BRDA:26,1,1,3
BRDA:27,2,0,0
BRDA:27,2,1,3
BRDA:27,3,0,0
BRDA:27,3,1,0
BRDA:28,4,0,0
BRDA:28,4,1,3
BRDA:28,5,0,0
BRDA:28,5,1,0
BRDA:29,6,0,3
BRDA:29,6,1,3
BRDA:30,7,0,0
BRDA:30,7,1,3
BRDA:30,8,0,0
BRDA:30,8,1,0
BRDA:31,9,0,0
BRDA:31,9,1,3
BRDA:31,10,0,0
BRDA:31,10,1,0
BRDA:32,11,0,0
BRDA:32,11,1,3
BRDA:32,12,0,0
BRDA:32,12,1,0
BRDA:33,13,0,0
BRDA:33,13,1,3
BRDA:33,14,0,0
BRDA:33,14,1,0
BRDA:34,15,0,3
BRDA:34,15,1,3
BRDA:42,16,0,0
BRDA:45,17,0,1
BRDA:48,18,0,0
BRDA:52,19,0,1
BRDA:52,19,1,1
BRDA:66,20,0,2
BRDA:66,20,1,2
BRDA:70,21,0,2
BRDA:70,21,1,0
BRDA:81,22,0,1
BRDA:88,23,0,1
BRDA:88,23,1,0
BRF:44
BRH:22
end_of_record
TN:
SF:src/tfpcar/entities/tfpcar.entity.ts
FNF:0
FNH:0
DA:1,0
DA:4,0
DA:6,0
DA:9,0
DA:12,0
DA:15,0
DA:18,0
DA:21,0
DA:24,0
DA:27,0
DA:30,0
DA:33,0
DA:36,0
DA:39,0
DA:42,0
DA:45,0
DA:48,0
DA:51,0
DA:54,0
DA:57,0
DA:60,0
DA:63,0
DA:66,0
DA:69,0
DA:72,0
DA:75,0
DA:78,0
DA:81,0
DA:84,0
DA:87,0
DA:90,0
LF:31
LH:0
BRF:0
BRH:0
end_of_record
TN:
SF:src/tfpcar/models/tfpcar-find-all.dto.ts
FN:6,(anonymous_2)
FN:20,(anonymous_3)
FN:26,(anonymous_4)
FN:42,(anonymous_5)
FN:48,(anonymous_6)
FN:54,(anonymous_7)
FN:60,(anonymous_8)
FN:81,(anonymous_9)
FN:87,(anonymous_10)
FN:103,(anonymous_11)
FN:114,(anonymous_12)
FN:125,(anonymous_13)
FN:131,(anonymous_14)
FNF:13
FNH:0
FNDA:0,(anonymous_2)
FNDA:0,(anonymous_3)
FNDA:0,(anonymous_4)
FNDA:0,(anonymous_5)
FNDA:0,(anonymous_6)
FNDA:0,(anonymous_7)
FNDA:0,(anonymous_8)
FNDA:0,(anonymous_9)
FNDA:0,(anonymous_10)
FNDA:0,(anonymous_11)
FNDA:0,(anonymous_12)
FNDA:0,(anonymous_13)
FNDA:0,(anonymous_14)
DA:1,0
DA:2,0
DA:3,0
DA:4,0
DA:6,0
DA:11,0
DA:16,0
DA:20,0
DA:22,0
DA:26,0
DA:28,0
DA:33,0
DA:38,0
DA:42,0
DA:44,0
DA:48,0
DA:50,0
DA:54,0
DA:56,0
DA:60,0
DA:62,0
DA:67,0
DA:72,0
DA:77,0
DA:81,0
DA:83,0
DA:87,0
DA:89,0
DA:94,0
DA:99,0
DA:103,0
DA:105,0
DA:110,0
DA:114,0
DA:116,0
DA:121,0
DA:125,0
DA:127,0
DA:131,0
DA:133,0
DA:142,0
LF:41
LH:0
BRF:0
BRH:0
end_of_record
TN:
SF:src/tfpdep/tfpdep.controller.ts
FN:15,(anonymous_4)
FN:70,(anonymous_5)
FN:96,(anonymous_6)
FNF:3
FNH:0
FNDA:0,(anonymous_4)
FNDA:0,(anonymous_5)
FNDA:0,(anonymous_6)
DA:1,0
DA:2,0
DA:3,0
DA:4,0
DA:5,0
DA:6,0
DA:9,0
DA:14,0
DA:15,0
DA:16,0
DA:70,0
DA:71,0
DA:96,0
DA:97,0
LF:14
LH:0
BRF:0
BRH:0
end_of_record
TN:
SF:src/tfpdep/tfpdep.module.ts
FNF:0
FNH:0
DA:1,0
DA:2,0
DA:3,0
DA:4,0
DA:11,0
LF:5
LH:0
BRF:0
BRH:0
end_of_record
TN:
SF:src/tfpdep/tfpdep.service.ts
FN:10,(anonymous_1)
FN:14,(anonymous_2)
FN:18,(anonymous_3)
FN:22,(anonymous_4)
FN:35,(anonymous_5)
FN:50,(anonymous_6)
FN:59,(anonymous_7)
FN:69,(anonymous_8)
FN:88,(anonymous_9)
FNF:9
FNH:8
FNDA:0,(anonymous_1)
FNDA:1,(anonymous_2)
FNDA:1,(anonymous_3)
FNDA:2,(anonymous_4)
FNDA:1,(anonymous_5)
FNDA:1,(anonymous_6)
FNDA:1,(anonymous_7)
FNDA:1,(anonymous_8)
FNDA:1,(anonymous_9)
DA:1,1
DA:4,1
DA:6,1
DA:9,1
DA:11,0
DA:15,1
DA:19,1
DA:24,2
DA:25,2
DA:26,2
DA:27,2
DA:28,2
DA:29,2
DA:30,2
DA:31,2
DA:36,1
DA:38,1
DA:39,0
DA:41,1
DA:42,0
DA:45,1
DA:46,1
DA:48,1
DA:50,1
DA:53,1
DA:54,1
DA:55,1
DA:56,1
DA:59,1
DA:61,1
DA:62,1
DA:63,1
DA:65,1
DA:70,1
DA:72,1
DA:74,1
DA:76,1
DA:79,1
DA:80,1
DA:81,1
DA:83,1
DA:89,1
DA:90,1
DA:91,1
DA:92,1
LF:45
LH:42
BRDA:25,0,0,0
BRDA:25,0,1,2
BRDA:30,1,0,2
BRDA:30,1,1,2
BRDA:38,2,0,0
BRDA:41,3,0,0
BRDA:45,4,0,0
BRDA:45,4,1,1
BRDA:56,5,0,1
BRDA:56,5,1,0
BRDA:59,6,0,1
BRDA:59,6,1,1
BRDA:63,7,0,1
BRDA:63,7,1,0
BRDA:74,8,0,0
BRDA:81,9,0,1
BRDA:81,9,1,0
BRF:17
BRH:9
end_of_record
TN:
SF:src/tfpdep/entities/tfpdep.entity.ts
FNF:0
FNH:0
DA:1,0
DA:4,0
DA:6,0
DA:9,0
DA:12,0
DA:15,0
DA:18,0
DA:21,0
DA:24,0
DA:27,0
DA:30,0
DA:33,0
DA:36,0
DA:39,0
DA:42,0
DA:45,0
DA:48,0
DA:51,0
DA:54,0
DA:57,0
DA:60,0
DA:63,0
DA:66,0
DA:69,0
LF:24
LH:0
BRF:0
BRH:0
end_of_record
TN:
SF:src/tfpdep/models/tfpdep-find-all.dto.ts
FN:6,(anonymous_2)
FNF:1
FNH:0
FNDA:0,(anonymous_2)
DA:1,0
DA:3,0
DA:4,0
DA:6,0
DA:11,0
DA:16,0
DA:25,0
LF:7
LH:0
BRF:0
BRH:0
end_of_record
TN:
SF:src/tfpfun/tfpfun.controller.ts
FN:15,(anonymous_4)
FN:69,(anonymous_5)
FN:78,(anonymous_6)
FNF:3
FNH:0
FNDA:0,(anonymous_4)
FNDA:0,(anonymous_5)
FNDA:0,(anonymous_6)
DA:1,1
DA:2,1
DA:3,1
DA:4,1
DA:5,1
DA:8,1
DA:9,1
DA:14,1
DA:15,0
DA:16,0
DA:69,1
DA:70,0
DA:78,1
DA:79,0
LF:14
LH:10
BRF:0
BRH:0
end_of_record
TN:
SF:src/tfpfun/tfpfun.module.ts
FNF:0
FNH:0
DA:1,0
DA:2,0
DA:3,0
DA:4,0
DA:11,0
LF:5
LH:0
BRF:0
BRH:0
end_of_record
TN:
SF:src/tfpfun/tfpfun.service.ts
FN:10,(anonymous_1)
FN:14,(anonymous_2)
FN:18,(anonymous_3)
FN:22,(anonymous_4)
FN:30,(anonymous_5)
FN:57,(anonymous_6)
FN:66,(anonymous_7)
FNF:7
FNH:4
FNDA:0,(anonymous_1)
FNDA:0,(anonymous_2)
FNDA:1,(anonymous_3)
FNDA:1,(anonymous_4)
FNDA:1,(anonymous_5)
FNDA:1,(anonymous_6)
FNDA:0,(anonymous_7)
DA:1,2
DA:4,2
DA:5,2
DA:6,2
DA:9,2
DA:11,0
DA:15,0
DA:19,1
DA:24,1
DA:25,1
DA:26,1
DA:27,1
DA:31,1
DA:33,1
DA:34,0
DA:36,1
DA:37,0
DA:39,1
DA:40,0
DA:42,1
DA:43,0
DA:45,1
DA:46,0
DA:48,1
DA:49,0
DA:52,1
DA:53,1
DA:55,1
DA:57,1
DA:59,1
DA:60,1
DA:61,1
DA:63,1
DA:67,0
DA:69,0
DA:71,0
DA:73,0
LF:37
LH:25
BRDA:25,0,0,0
BRDA:25,0,1,1
BRDA:25,1,0,0
BRDA:25,1,1,0
BRDA:26,2,0,0
BRDA:26,2,1,1
BRDA:26,3,0,0
BRDA:26,3,1,0
BRDA:33,4,0,0
BRDA:36,5,0,0
BRDA:39,6,0,0
BRDA:42,7,0,0
BRDA:45,8,0,0
BRDA:48,9,0,0
BRDA:52,10,0,0
BRDA:52,10,1,1
BRDA:53,11,0,1
BRDA:53,11,1,1
BRDA:57,12,0,1
BRDA:57,12,1,1
BRDA:61,13,0,1
BRDA:61,13,1,0
BRDA:71,14,0,0
BRF:23
BRH:8
end_of_record
TN:
SF:src/tfpfun/models/tfpfun-find-all.dto.ts
FN:6,(anonymous_2)
FN:28,(anonymous_3)
FN:34,(anonymous_4)
FNF:3
FNH:0
FNDA:0,(anonymous_2)
FNDA:0,(anonymous_3)
FNDA:0,(anonymous_4)
DA:1,1
DA:2,1
DA:3,1
DA:4,1
DA:6,1
DA:14,1
DA:19,1
DA:24,1
DA:28,0
DA:30,1
DA:34,0
DA:36,1
DA:41,1
DA:46,1
LF:14
LH:12
BRF:0
BRH:0
end_of_record
TN:
SF:src/tgfpar/tgfpar.controller.ts
FN:15,(anonymous_4)
FN:89,(anonymous_5)
FN:119,(anonymous_6)
FNF:3
FNH:0
FNDA:0,(anonymous_4)
FNDA:0,(anonymous_5)
FNDA:0,(anonymous_6)
DA:1,1
DA:2,1
DA:3,1
DA:4,1
DA:5,1
DA:6,1
DA:9,1
DA:14,1
DA:15,0
DA:16,0
DA:89,1
DA:90,0
DA:119,1
DA:120,0
LF:14
LH:10
BRF:0
BRH:0
end_of_record
TN:
SF:src/tgfpar/tgfpar.module.ts
FNF:0
FNH:0
DA:1,0
DA:2,0
DA:3,0
DA:4,0
DA:11,0
LF:5
LH:0
BRF:0
BRH:0
end_of_record
TN:
SF:src/tgfpar/tgfpar.service.ts
FN:10,(anonymous_1)
FN:14,(anonymous_2)
FN:18,(anonymous_3)
FN:22,(anonymous_4)
FN:34,(anonymous_5)
FN:105,(anonymous_6)
FN:114,(anonymous_7)
FN:126,(anonymous_8)
FNF:8
FNH:6
FNDA:0,(anonymous_1)
FNDA:1,(anonymous_2)
FNDA:0,(anonymous_3)
FNDA:2,(anonymous_4)
FNDA:1,(anonymous_5)
FNDA:1,(anonymous_6)
FNDA:1,(anonymous_7)
FNDA:1,(anonymous_8)
DA:1,2
DA:4,2
DA:6,2
DA:9,2
DA:11,0
DA:15,1
DA:19,0
DA:24,2
DA:25,2
DA:26,2
DA:27,2
DA:28,2
DA:29,2
DA:30,2
DA:31,2
DA:35,1
DA:37,1
DA:38,0
DA:40,1
DA:41,0
DA:43,1
DA:44,0
DA:46,1
DA:47,0
DA:49,1
DA:50,0
DA:52,1
DA:53,0
DA:55,1
DA:56,0
DA:58,1
DA:59,0
DA:61,1
DA:62,0
DA:64,1
DA:65,0
DA:67,1
DA:68,0
DA:71,1
DA:72,0
DA:74,1
DA:75,0
DA:77,1
DA:78,0
DA:80,1
DA:81,0
DA:83,1
DA:84,0
DA:86,1
DA:87,0
DA:89,1
DA:90,0
DA:92,1
DA:93,0
DA:95,1
DA:96,0
DA:99,1
DA:100,1
DA:101,1
DA:103,1
DA:105,1
DA:107,1
DA:108,1
DA:109,1
DA:111,1
DA:115,1
DA:117,1
DA:119,1
DA:121,1
DA:127,1
DA:128,1
DA:129,1
DA:130,1
LF:73
LH:51
BRDA:37,0,0,0
BRDA:40,1,0,0
BRDA:43,2,0,0
BRDA:46,3,0,0
BRDA:49,4,0,0
BRDA:52,5,0,0
BRDA:55,6,0,0
BRDA:58,7,0,0
BRDA:61,8,0,0
BRDA:64,9,0,0
BRDA:67,10,0,0
BRDA:71,11,0,0
BRDA:74,12,0,0
BRDA:77,13,0,0
BRDA:80,14,0,0
BRDA:83,15,0,0
BRDA:86,16,0,0
BRDA:89,17,0,0
BRDA:92,18,0,0
BRDA:95,19,0,0
BRDA:99,20,0,0
BRDA:99,20,1,1
BRDA:100,21,0,0
BRDA:100,21,1,1
BRDA:105,22,0,1
BRDA:105,22,1,1
BRDA:109,23,0,1
BRDA:109,23,1,0
BRDA:119,24,0,0
BRF:29
BRH:5
end_of_record
TN:
SF:src/tgfpar/entities/tgfpar.entity.ts
FNF:0
FNH:0
DA:1,0
DA:4,0
DA:6,0
DA:9,0
DA:12,0
DA:15,0
DA:18,0
DA:21,0
DA:24,0
DA:27,0
DA:30,0
DA:33,0
DA:36,0
DA:39,0
DA:42,0
DA:45,0
DA:48,0
DA:51,0
DA:54,0
LF:19
LH:0
BRF:0
BRH:0
end_of_record
TN:
SF:src/tgfpar/models/tgfpar-find-all.dto.ts
FN:6,(anonymous_2)
FN:64,(anonymous_3)
FN:70,(anonymous_4)
FN:93,(anonymous_5)
FN:99,(anonymous_6)
FNF:5
FNH:0
FNDA:0,(anonymous_2)
FNDA:0,(anonymous_3)
FNDA:0,(anonymous_4)
FNDA:0,(anonymous_5)
FNDA:0,(anonymous_6)
DA:1,1
DA:2,1
DA:3,1
DA:4,1
DA:6,1
DA:15,1
DA:20,1
DA:25,1
DA:30,1
DA:35,1
DA:40,1
DA:45,1
DA:50,1
DA:55,1
DA:60,1
DA:64,0
DA:66,1
DA:70,0
DA:72,1
DA:79,1
DA:84,1
DA:89,1
DA:93,0
DA:95,1
DA:99,0
DA:101,1
DA:106,1
DA:111,1
DA:116,1
DA:121,1
LF:30
LH:26
BRF:0
BRH:0
end_of_record
